{"/Users/felipevilella/Desktop/Brain-Agriculture-backEnd/src/main.ts": {"path":"/Users/felipevilella/Desktop/Brain-Agriculture-backEnd/src/main.ts","statementMap":{"0":{"start":{"line":1,"column":0},"end":{"line":1,"column":43}},"1":{"start":{"line":2,"column":0},"end":{"line":2,"column":29}},"2":{"start":{"line":4,"column":0},"end":{"line":4,"column":48}},"3":{"start":{"line":5,"column":0},"end":{"line":5,"column":76}},"4":{"start":{"line":8,"column":14},"end":{"line":8,"column":49}},"5":{"start":{"line":10,"column":2},"end":{"line":16,"column":4}},"6":{"start":{"line":17,"column":2},"end":{"line":17,"column":50}},"7":{"start":{"line":19,"column":2},"end":{"line":19,"column":25}},"8":{"start":{"line":22,"column":0},"end":{"line":25,"column":3}},"9":{"start":{"line":23,"column":2},"end":{"line":23,"column":51}},"10":{"start":{"line":24,"column":2},"end":{"line":24,"column":18}}},"fnMap":{"0":{"name":"bootstrap","decl":{"start":{"line":7,"column":15},"end":{"line":7,"column":24}},"loc":{"start":{"line":7,"column":24},"end":{"line":20,"column":1}}},"1":{"name":"(anonymous_1)","decl":{"start":{"line":22,"column":18},"end":{"line":22,"column":19}},"loc":{"start":{"line":22,"column":28},"end":{"line":25,"column":1}}}},"branchMap":{},"s":{"0":0,"1":0,"2":0,"3":0,"4":0,"5":0,"6":0,"7":0,"8":0,"9":0,"10":0},"f":{"0":0,"1":0},"b":{}}
,"/Users/felipevilella/Desktop/Brain-Agriculture-backEnd/src/infra/database/config.module.ts": {"path":"/Users/felipevilella/Desktop/Brain-Agriculture-backEnd/src/infra/database/config.module.ts","statementMap":{"0":{"start":{"line":1,"column":0},"end":{"line":1,"column":40}},"1":{"start":{"line":2,"column":0},"end":{"line":2,"column":46}},"2":{"start":{"line":11,"column":7},"end":{"line":11,"column":null}},"3":{"start":{"line":11,"column":13},"end":{"line":11,"column":28}},"4":{"start":{"line":11,"column":13},"end":{"line":11,"column":null}}},"fnMap":{},"branchMap":{},"s":{"0":0,"1":0,"2":0,"3":0,"4":0},"f":{},"b":{}}
,"/Users/felipevilella/Desktop/Brain-Agriculture-backEnd/src/infra/database/config/environment-config.module.ts": {"path":"/Users/felipevilella/Desktop/Brain-Agriculture-backEnd/src/infra/database/config/environment-config.module.ts","statementMap":{"0":{"start":{"line":1,"column":0},"end":{"line":1,"column":40}},"1":{"start":{"line":2,"column":0},"end":{"line":2,"column":46}},"2":{"start":{"line":4,"column":0},"end":{"line":4,"column":72}},"3":{"start":{"line":15,"column":7},"end":{"line":15,"column":null}},"4":{"start":{"line":15,"column":13},"end":{"line":15,"column":36}},"5":{"start":{"line":15,"column":13},"end":{"line":15,"column":null}}},"fnMap":{},"branchMap":{},"s":{"0":5,"1":5,"2":5,"3":5,"4":5,"5":5},"f":{},"b":{}}
,"/Users/felipevilella/Desktop/Brain-Agriculture-backEnd/src/infra/database/config/environment-config.service.ts": {"path":"/Users/felipevilella/Desktop/Brain-Agriculture-backEnd/src/infra/database/config/environment-config.service.ts","statementMap":{"0":{"start":{"line":1,"column":0},"end":{"line":1,"column":44}},"1":{"start":{"line":2,"column":0},"end":{"line":2,"column":47}},"2":{"start":{"line":6,"column":7},"end":{"line":28,"column":null}},"3":{"start":{"line":7,"column":31},"end":{"line":7,"column":46}},"4":{"start":{"line":10,"column":18},"end":{"line":10,"column":48}},"5":{"start":{"line":11,"column":4},"end":{"line":13,"column":5}},"6":{"start":{"line":12,"column":6},"end":{"line":12,"column":67}},"7":{"start":{"line":14,"column":4},"end":{"line":14,"column":17}},"8":{"start":{"line":18,"column":4},"end":{"line":18,"column":51}},"9":{"start":{"line":22,"column":4},"end":{"line":22,"column":54}},"10":{"start":{"line":26,"column":4},"end":{"line":26,"column":60}},"11":{"start":{"line":6,"column":13},"end":{"line":6,"column":37}},"12":{"start":{"line":6,"column":13},"end":{"line":28,"column":null}}},"fnMap":{"0":{"name":"(anonymous_2)","decl":{"start":{"line":7,"column":2},"end":{"line":7,"column":31}},"loc":{"start":{"line":7,"column":59},"end":{"line":7,"column":63}}},"1":{"name":"(anonymous_3)","decl":{"start":{"line":9,"column":10},"end":{"line":9,"column":20}},"loc":{"start":{"line":9,"column":35},"end":{"line":15,"column":3}}},"2":{"name":"(anonymous_4)","decl":{"start":{"line":17,"column":2},"end":{"line":17,"column":16}},"loc":{"start":{"line":17,"column":16},"end":{"line":19,"column":3}}},"3":{"name":"(anonymous_5)","decl":{"start":{"line":21,"column":2},"end":{"line":21,"column":19}},"loc":{"start":{"line":21,"column":19},"end":{"line":23,"column":3}}},"4":{"name":"(anonymous_6)","decl":{"start":{"line":25,"column":2},"end":{"line":25,"column":17}},"loc":{"start":{"line":25,"column":17},"end":{"line":27,"column":3}}}},"branchMap":{"0":{"loc":{"start":{"line":11,"column":4},"end":{"line":13,"column":5}},"type":"if","locations":[{"start":{"line":11,"column":4},"end":{"line":13,"column":5}}]},"1":{"loc":{"start":{"line":11,"column":8},"end":{"line":11,"column":45}},"type":"binary-expr","locations":[{"start":{"line":11,"column":8},"end":{"line":11,"column":27}},{"start":{"line":11,"column":31},"end":{"line":11,"column":45}}]}},"s":{"0":5,"1":5,"2":5,"3":15,"4":15,"5":15,"6":0,"7":15,"8":15,"9":0,"10":0,"11":5,"12":5},"f":{"0":15,"1":15,"2":15,"3":0,"4":0},"b":{"0":[0],"1":[15,15]}}
,"/Users/felipevilella/Desktop/Brain-Agriculture-backEnd/src/infra/database/typeorm/typeorm.config.ts": {"path":"/Users/felipevilella/Desktop/Brain-Agriculture-backEnd/src/infra/database/typeorm/typeorm.config.ts","statementMap":{"0":{"start":{"line":1,"column":0},"end":{"line":1,"column":33}},"1":{"start":{"line":2,"column":0},"end":{"line":2,"column":37}},"2":{"start":{"line":3,"column":0},"end":{"line":3,"column":16}},"3":{"start":{"line":5,"column":15},"end":{"line":14,"column":2}},"4":{"start":{"line":16,"column":0},"end":{"line":23,"column":5}},"5":{"start":{"line":19,"column":4},"end":{"line":19,"column":53}},"6":{"start":{"line":22,"column":4},"end":{"line":22,"column":66}},"7":{"start":{"line":25,"column":0},"end":{"line":25,"column":22}}},"fnMap":{"0":{"name":"(anonymous_0)","decl":{"start":{"line":18,"column":8},"end":{"line":18,"column":11}},"loc":{"start":{"line":18,"column":13},"end":{"line":20,"column":3}}},"1":{"name":"(anonymous_1)","decl":{"start":{"line":21,"column":9},"end":{"line":21,"column":10}},"loc":{"start":{"line":21,"column":17},"end":{"line":23,"column":3}}}},"branchMap":{},"s":{"0":0,"1":0,"2":0,"3":0,"4":0,"5":0,"6":0,"7":0},"f":{"0":0,"1":0},"b":{}}
,"/Users/felipevilella/Desktop/Brain-Agriculture-backEnd/src/infra/database/typeorm/typeorm.module.ts": {"path":"/Users/felipevilella/Desktop/Brain-Agriculture-backEnd/src/infra/database/typeorm/typeorm.module.ts","statementMap":{"0":{"start":{"line":1,"column":0},"end":{"line":1,"column":40}},"1":{"start":{"line":2,"column":0},"end":{"line":2,"column":75}},"2":{"start":{"line":4,"column":0},"end":{"line":4,"column":78}},"3":{"start":{"line":5,"column":0},"end":{"line":5,"column":80}},"4":{"start":{"line":7,"column":39},"end":{"line":18,"column":28}},"5":{"start":{"line":10,"column":3},"end":{"line":18,"column":28}},"6":{"start":{"line":7,"column":13},"end":{"line":7,"column":39}},"7":{"start":{"line":29,"column":7},"end":{"line":29,"column":null}},"8":{"start":{"line":29,"column":13},"end":{"line":29,"column":32}},"9":{"start":{"line":29,"column":13},"end":{"line":29,"column":null}}},"fnMap":{"0":{"name":"(anonymous_1)","decl":{"start":{"line":7,"column":39},"end":{"line":7,"column":null}},"loc":{"start":{"line":10,"column":3},"end":{"line":18,"column":28}}}},"branchMap":{},"s":{"0":5,"1":5,"2":5,"3":5,"4":5,"5":15,"6":5,"7":5,"8":5,"9":5},"f":{"0":15},"b":{}}
,"/Users/felipevilella/Desktop/Brain-Agriculture-backEnd/src/infra/definitions/crops.type.ts": {"path":"/Users/felipevilella/Desktop/Brain-Agriculture-backEnd/src/infra/definitions/crops.type.ts","statementMap":{"0":{"start":{"line":1,"column":0},"end":{"line":1,"column":null}},"1":{"start":{"line":2,"column":2},"end":{"line":2,"column":null}},"2":{"start":{"line":3,"column":2},"end":{"line":3,"column":null}},"3":{"start":{"line":4,"column":2},"end":{"line":4,"column":null}},"4":{"start":{"line":5,"column":2},"end":{"line":5,"column":null}},"5":{"start":{"line":6,"column":2},"end":{"line":6,"column":null}},"6":{"start":{"line":7,"column":2},"end":{"line":7,"column":null}},"7":{"start":{"line":8,"column":2},"end":{"line":8,"column":null}},"8":{"start":{"line":9,"column":2},"end":{"line":9,"column":null}},"9":{"start":{"line":10,"column":2},"end":{"line":10,"column":null}},"10":{"start":{"line":11,"column":2},"end":{"line":11,"column":null}},"11":{"start":{"line":12,"column":2},"end":{"line":12,"column":null}},"12":{"start":{"line":13,"column":2},"end":{"line":13,"column":null}},"13":{"start":{"line":14,"column":2},"end":{"line":14,"column":null}},"14":{"start":{"line":15,"column":2},"end":{"line":15,"column":null}},"15":{"start":{"line":16,"column":2},"end":{"line":16,"column":null}},"16":{"start":{"line":17,"column":2},"end":{"line":17,"column":null}},"17":{"start":{"line":18,"column":2},"end":{"line":18,"column":null}},"18":{"start":{"line":19,"column":2},"end":{"line":19,"column":null}},"19":{"start":{"line":20,"column":2},"end":{"line":20,"column":null}},"20":{"start":{"line":21,"column":2},"end":{"line":21,"column":null}},"21":{"start":{"line":22,"column":2},"end":{"line":22,"column":null}},"22":{"start":{"line":23,"column":2},"end":{"line":23,"column":null}},"23":{"start":{"line":24,"column":2},"end":{"line":24,"column":null}},"24":{"start":{"line":25,"column":2},"end":{"line":25,"column":null}},"25":{"start":{"line":26,"column":2},"end":{"line":26,"column":null}},"26":{"start":{"line":27,"column":2},"end":{"line":27,"column":null}},"27":{"start":{"line":28,"column":2},"end":{"line":28,"column":null}},"28":{"start":{"line":29,"column":2},"end":{"line":29,"column":null}},"29":{"start":{"line":30,"column":2},"end":{"line":30,"column":null}},"30":{"start":{"line":31,"column":2},"end":{"line":31,"column":null}},"31":{"start":{"line":32,"column":2},"end":{"line":32,"column":null}},"32":{"start":{"line":33,"column":2},"end":{"line":33,"column":null}},"33":{"start":{"line":34,"column":2},"end":{"line":34,"column":null}},"34":{"start":{"line":35,"column":2},"end":{"line":35,"column":null}},"35":{"start":{"line":36,"column":2},"end":{"line":36,"column":null}},"36":{"start":{"line":37,"column":2},"end":{"line":37,"column":null}},"37":{"start":{"line":38,"column":2},"end":{"line":38,"column":null}},"38":{"start":{"line":39,"column":2},"end":{"line":39,"column":null}},"39":{"start":{"line":40,"column":2},"end":{"line":40,"column":null}},"40":{"start":{"line":41,"column":2},"end":{"line":41,"column":null}},"41":{"start":{"line":42,"column":2},"end":{"line":42,"column":null}},"42":{"start":{"line":43,"column":2},"end":{"line":43,"column":null}},"43":{"start":{"line":44,"column":2},"end":{"line":44,"column":null}},"44":{"start":{"line":45,"column":2},"end":{"line":45,"column":null}},"45":{"start":{"line":46,"column":2},"end":{"line":46,"column":null}},"46":{"start":{"line":47,"column":2},"end":{"line":47,"column":null}},"47":{"start":{"line":48,"column":2},"end":{"line":48,"column":null}},"48":{"start":{"line":49,"column":2},"end":{"line":49,"column":null}}},"fnMap":{"0":{"name":"(anonymous_0)","decl":{"start":{"line":1,"column":0},"end":{"line":1,"column":12}},"loc":{"start":{"line":1,"column":23},"end":{"line":50,"column":1}}}},"branchMap":{"0":{"loc":{"start":{"line":1,"column":12},"end":{"line":1,"column":null}},"type":"binary-expr","locations":[{"start":{"line":1,"column":12},"end":{"line":1,"column":23}},{"start":{"line":1,"column":23},"end":{"line":1,"column":null}}]}},"s":{"0":9,"1":9,"2":9,"3":9,"4":9,"5":9,"6":9,"7":9,"8":9,"9":9,"10":9,"11":9,"12":9,"13":9,"14":9,"15":9,"16":9,"17":9,"18":9,"19":9,"20":9,"21":9,"22":9,"23":9,"24":9,"25":9,"26":9,"27":9,"28":9,"29":9,"30":9,"31":9,"32":9,"33":9,"34":9,"35":9,"36":9,"37":9,"38":9,"39":9,"40":9,"41":9,"42":9,"43":9,"44":9,"45":9,"46":9,"47":9,"48":9},"f":{"0":9},"b":{"0":[9,9]}}
,"/Users/felipevilella/Desktop/Brain-Agriculture-backEnd/src/infra/definitions/localizations.type.ts": {"path":"/Users/felipevilella/Desktop/Brain-Agriculture-backEnd/src/infra/definitions/localizations.type.ts","statementMap":{"0":{"start":{"line":1,"column":0},"end":{"line":1,"column":null}},"1":{"start":{"line":2,"column":2},"end":{"line":2,"column":null}},"2":{"start":{"line":3,"column":2},"end":{"line":3,"column":null}},"3":{"start":{"line":4,"column":2},"end":{"line":4,"column":null}},"4":{"start":{"line":5,"column":2},"end":{"line":5,"column":null}},"5":{"start":{"line":6,"column":2},"end":{"line":6,"column":null}},"6":{"start":{"line":7,"column":2},"end":{"line":7,"column":null}},"7":{"start":{"line":8,"column":2},"end":{"line":8,"column":null}},"8":{"start":{"line":9,"column":2},"end":{"line":9,"column":null}},"9":{"start":{"line":10,"column":2},"end":{"line":10,"column":null}},"10":{"start":{"line":11,"column":2},"end":{"line":11,"column":null}},"11":{"start":{"line":12,"column":2},"end":{"line":12,"column":null}},"12":{"start":{"line":13,"column":2},"end":{"line":13,"column":null}},"13":{"start":{"line":14,"column":2},"end":{"line":14,"column":null}},"14":{"start":{"line":15,"column":2},"end":{"line":15,"column":null}},"15":{"start":{"line":16,"column":2},"end":{"line":16,"column":null}},"16":{"start":{"line":17,"column":2},"end":{"line":17,"column":null}},"17":{"start":{"line":18,"column":2},"end":{"line":18,"column":null}},"18":{"start":{"line":19,"column":2},"end":{"line":19,"column":null}},"19":{"start":{"line":20,"column":2},"end":{"line":20,"column":null}},"20":{"start":{"line":21,"column":2},"end":{"line":21,"column":null}},"21":{"start":{"line":22,"column":2},"end":{"line":22,"column":null}},"22":{"start":{"line":23,"column":2},"end":{"line":23,"column":null}},"23":{"start":{"line":24,"column":2},"end":{"line":24,"column":null}},"24":{"start":{"line":25,"column":2},"end":{"line":25,"column":null}},"25":{"start":{"line":26,"column":2},"end":{"line":26,"column":null}},"26":{"start":{"line":27,"column":2},"end":{"line":27,"column":null}},"27":{"start":{"line":28,"column":2},"end":{"line":28,"column":null}}},"fnMap":{"0":{"name":"(anonymous_0)","decl":{"start":{"line":1,"column":0},"end":{"line":1,"column":12}},"loc":{"start":{"line":1,"column":23},"end":{"line":29,"column":1}}}},"branchMap":{"0":{"loc":{"start":{"line":1,"column":12},"end":{"line":1,"column":null}},"type":"binary-expr","locations":[{"start":{"line":1,"column":12},"end":{"line":1,"column":23}},{"start":{"line":1,"column":23},"end":{"line":1,"column":null}}]}},"s":{"0":9,"1":9,"2":9,"3":9,"4":9,"5":9,"6":9,"7":9,"8":9,"9":9,"10":9,"11":9,"12":9,"13":9,"14":9,"15":9,"16":9,"17":9,"18":9,"19":9,"20":9,"21":9,"22":9,"23":9,"24":9,"25":9,"26":9,"27":9},"f":{"0":9},"b":{"0":[9,9]}}
,"/Users/felipevilella/Desktop/Brain-Agriculture-backEnd/src/infra/definitions/producers.type.ts": {"path":"/Users/felipevilella/Desktop/Brain-Agriculture-backEnd/src/infra/definitions/producers.type.ts","statementMap":{"0":{"start":{"line":1,"column":0},"end":{"line":1,"column":null}},"1":{"start":{"line":2,"column":2},"end":{"line":2,"column":null}},"2":{"start":{"line":3,"column":2},"end":{"line":3,"column":null}}},"fnMap":{"0":{"name":"(anonymous_0)","decl":{"start":{"line":1,"column":0},"end":{"line":1,"column":12}},"loc":{"start":{"line":1,"column":25},"end":{"line":4,"column":1}}}},"branchMap":{"0":{"loc":{"start":{"line":1,"column":12},"end":{"line":1,"column":null}},"type":"binary-expr","locations":[{"start":{"line":1,"column":12},"end":{"line":1,"column":25}},{"start":{"line":1,"column":25},"end":{"line":1,"column":null}}]}},"s":{"0":9,"1":9,"2":9},"f":{"0":9},"b":{"0":[9,9]}}
,"/Users/felipevilella/Desktop/Brain-Agriculture-backEnd/src/infra/definitions/dtos/farms.dto.ts": {"path":"/Users/felipevilella/Desktop/Brain-Agriculture-backEnd/src/infra/definitions/dtos/farms.dto.ts","statementMap":{"0":{"start":{"line":1,"column":0},"end":{"line":1,"column":41}},"1":{"start":{"line":2,"column":0},"end":{"line":2,"column":null}},"2":{"start":{"line":12,"column":0},"end":{"line":12,"column":63}},"3":{"start":{"line":13,"column":0},"end":{"line":13,"column":71}},"4":{"start":{"line":15,"column":0},"end":{"line":15,"column":13}},"5":{"start":{"line":20,"column":2},"end":{"line":20,"column":null}},"6":{"start":{"line":23,"column":0},"end":{"line":23,"column":13}},"7":{"start":{"line":26,"column":2},"end":{"line":26,"column":null}},"8":{"start":{"line":30,"column":2},"end":{"line":30,"column":null}},"9":{"start":{"line":36,"column":2},"end":{"line":36,"column":null}},"10":{"start":{"line":35,"column":14},"end":{"line":35,"column":27}},"11":{"start":{"line":39,"column":0},"end":{"line":39,"column":13}},"12":{"start":{"line":42,"column":2},"end":{"line":42,"column":null}},"13":{"start":{"line":46,"column":2},"end":{"line":46,"column":null}},"14":{"start":{"line":53,"column":2},"end":{"line":53,"column":null}},"15":{"start":{"line":59,"column":2},"end":{"line":59,"column":null}},"16":{"start":{"line":63,"column":2},"end":{"line":63,"column":null}},"17":{"start":{"line":67,"column":2},"end":{"line":67,"column":null}},"18":{"start":{"line":71,"column":2},"end":{"line":71,"column":null}},"19":{"start":{"line":77,"column":2},"end":{"line":77,"column":null}},"20":{"start":{"line":76,"column":14},"end":{"line":76,"column":30}}},"fnMap":{"0":{"name":"(anonymous_2)","decl":{"start":{"line":35,"column":8},"end":{"line":35,"column":11}},"loc":{"start":{"line":35,"column":14},"end":{"line":35,"column":27}}},"1":{"name":"(anonymous_3)","decl":{"start":{"line":76,"column":8},"end":{"line":76,"column":11}},"loc":{"start":{"line":76,"column":14},"end":{"line":76,"column":30}}}},"branchMap":{},"s":{"0":1,"1":1,"2":1,"3":1,"4":1,"5":1,"6":1,"7":1,"8":1,"9":1,"10":12,"11":1,"12":1,"13":1,"14":1,"15":1,"16":1,"17":1,"18":1,"19":1,"20":12},"f":{"0":12,"1":12},"b":{}}
,"/Users/felipevilella/Desktop/Brain-Agriculture-backEnd/src/infra/definitions/dtos/producers.dto.ts": {"path":"/Users/felipevilella/Desktop/Brain-Agriculture-backEnd/src/infra/definitions/dtos/producers.dto.ts","statementMap":{"0":{"start":{"line":1,"column":0},"end":{"line":1,"column":null}},"1":{"start":{"line":12,"column":0},"end":{"line":12,"column":47}},"2":{"start":{"line":13,"column":0},"end":{"line":13,"column":71}},"3":{"start":{"line":14,"column":0},"end":{"line":14,"column":69}},"4":{"start":{"line":19,"column":7},"end":{"line":45,"column":null}},"5":{"start":{"line":23,"column":16},"end":{"line":23,"column":34}},"6":{"start":{"line":25,"column":4},"end":{"line":27,"column":5}},"7":{"start":{"line":26,"column":6},"end":{"line":26,"column":32}},"8":{"start":{"line":29,"column":4},"end":{"line":31,"column":5}},"9":{"start":{"line":30,"column":6},"end":{"line":30,"column":33}},"10":{"start":{"line":33,"column":4},"end":{"line":33,"column":17}},"11":{"start":{"line":37,"column":16},"end":{"line":37,"column":34}},"12":{"start":{"line":38,"column":4},"end":{"line":39,"column":42}},"13":{"start":{"line":39,"column":6},"end":{"line":39,"column":42}},"14":{"start":{"line":40,"column":4},"end":{"line":41,"column":43}},"15":{"start":{"line":41,"column":6},"end":{"line":41,"column":43}},"16":{"start":{"line":43,"column":4},"end":{"line":43,"column":31}},"17":{"start":{"line":19,"column":13},"end":{"line":19,"column":39}},"18":{"start":{"line":19,"column":13},"end":{"line":45,"column":null}},"19":{"start":{"line":47,"column":0},"end":{"line":47,"column":13}},"20":{"start":{"line":50,"column":2},"end":{"line":50,"column":null}},"21":{"start":{"line":57,"column":2},"end":{"line":57,"column":null}},"22":{"start":{"line":63,"column":2},"end":{"line":63,"column":null}},"23":{"start":{"line":69,"column":2},"end":{"line":69,"column":null}},"24":{"start":{"line":75,"column":2},"end":{"line":75,"column":null}},"25":{"start":{"line":78,"column":0},"end":{"line":78,"column":13}},"26":{"start":{"line":82,"column":2},"end":{"line":82,"column":null}},"27":{"start":{"line":90,"column":2},"end":{"line":90,"column":null}},"28":{"start":{"line":97,"column":2},"end":{"line":97,"column":null}},"29":{"start":{"line":104,"column":2},"end":{"line":104,"column":null}},"30":{"start":{"line":111,"column":2},"end":{"line":111,"column":null}},"31":{"start":{"line":114,"column":0},"end":{"line":114,"column":13}},"32":{"start":{"line":126,"column":0},"end":{"line":126,"column":13}}},"fnMap":{"0":{"name":"(anonymous_2)","decl":{"start":{"line":22,"column":2},"end":{"line":22,"column":10}},"loc":{"start":{"line":22,"column":51},"end":{"line":34,"column":3}}},"1":{"name":"(anonymous_3)","decl":{"start":{"line":36,"column":2},"end":{"line":36,"column":16}},"loc":{"start":{"line":36,"column":42},"end":{"line":44,"column":3}}}},"branchMap":{"0":{"loc":{"start":{"line":25,"column":4},"end":{"line":27,"column":5}},"type":"if","locations":[{"start":{"line":25,"column":4},"end":{"line":27,"column":5}}]},"1":{"loc":{"start":{"line":29,"column":4},"end":{"line":31,"column":5}},"type":"if","locations":[{"start":{"line":29,"column":4},"end":{"line":31,"column":5}}]},"2":{"loc":{"start":{"line":38,"column":4},"end":{"line":39,"column":42}},"type":"if","locations":[{"start":{"line":38,"column":4},"end":{"line":39,"column":42}}]},"3":{"loc":{"start":{"line":40,"column":4},"end":{"line":41,"column":43}},"type":"if","locations":[{"start":{"line":40,"column":4},"end":{"line":41,"column":43}}]}},"s":{"0":4,"1":4,"2":4,"3":4,"4":4,"5":10,"6":10,"7":1,"8":9,"9":9,"10":0,"11":2,"12":2,"13":1,"14":1,"15":1,"16":0,"17":4,"18":4,"19":4,"20":4,"21":4,"22":4,"23":4,"24":4,"25":4,"26":4,"27":4,"28":4,"29":4,"30":4,"31":4,"32":4},"f":{"0":10,"1":2},"b":{"0":[1],"1":[9],"2":[1],"3":[1]}}
,"/Users/felipevilella/Desktop/Brain-Agriculture-backEnd/src/infra/entities/crops.entity.ts": {"path":"/Users/felipevilella/Desktop/Brain-Agriculture-backEnd/src/infra/entities/crops.entity.ts","statementMap":{"0":{"start":{"line":1,"column":0},"end":{"line":1,"column":null}},"1":{"start":{"line":11,"column":0},"end":{"line":11,"column":56}},"2":{"start":{"line":12,"column":0},"end":{"line":12,"column":44}},"3":{"start":{"line":15,"column":7},"end":{"line":40,"column":null}},"4":{"start":{"line":15,"column":13},"end":{"line":15,"column":18}},"5":{"start":{"line":17,"column":2},"end":{"line":17,"column":null}},"6":{"start":{"line":20,"column":2},"end":{"line":20,"column":null}},"7":{"start":{"line":27,"column":2},"end":{"line":27,"column":null}},"8":{"start":{"line":33,"column":2},"end":{"line":33,"column":null}},"9":{"start":{"line":29,"column":19},"end":{"line":29,"column":27}},"10":{"start":{"line":29,"column":42},"end":{"line":29,"column":55}},"11":{"start":{"line":36,"column":2},"end":{"line":36,"column":null}},"12":{"start":{"line":39,"column":2},"end":{"line":39,"column":null}},"13":{"start":{"line":15,"column":13},"end":{"line":40,"column":null}}},"fnMap":{"0":{"name":"(anonymous_2)","decl":{"start":{"line":29,"column":13},"end":{"line":29,"column":16}},"loc":{"start":{"line":29,"column":19},"end":{"line":29,"column":27}}},"1":{"name":"(anonymous_3)","decl":{"start":{"line":29,"column":29},"end":{"line":29,"column":30}},"loc":{"start":{"line":29,"column":42},"end":{"line":29,"column":55}}}},"branchMap":{},"s":{"0":5,"1":5,"2":5,"3":5,"4":5,"5":5,"6":5,"7":5,"8":5,"9":15,"10":15,"11":5,"12":5,"13":5},"f":{"0":15,"1":15},"b":{}}
,"/Users/felipevilella/Desktop/Brain-Agriculture-backEnd/src/infra/entities/farms.entity.ts": {"path":"/Users/felipevilella/Desktop/Brain-Agriculture-backEnd/src/infra/entities/farms.entity.ts","statementMap":{"0":{"start":{"line":1,"column":0},"end":{"line":1,"column":null}},"1":{"start":{"line":12,"column":0},"end":{"line":12,"column":44}},"2":{"start":{"line":13,"column":0},"end":{"line":13,"column":47}},"3":{"start":{"line":16,"column":7},"end":{"line":57,"column":null}},"4":{"start":{"line":16,"column":13},"end":{"line":16,"column":18}},"5":{"start":{"line":18,"column":2},"end":{"line":18,"column":null}},"6":{"start":{"line":21,"column":2},"end":{"line":21,"column":null}},"7":{"start":{"line":24,"column":2},"end":{"line":24,"column":null}},"8":{"start":{"line":27,"column":2},"end":{"line":27,"column":null}},"9":{"start":{"line":30,"column":2},"end":{"line":30,"column":null}},"10":{"start":{"line":33,"column":2},"end":{"line":33,"column":null}},"11":{"start":{"line":36,"column":2},"end":{"line":36,"column":null}},"12":{"start":{"line":39,"column":2},"end":{"line":39,"column":null}},"13":{"start":{"line":43,"column":2},"end":{"line":43,"column":null}},"14":{"start":{"line":41,"column":19},"end":{"line":41,"column":28}},"15":{"start":{"line":41,"column":44},"end":{"line":41,"column":58}},"16":{"start":{"line":50,"column":2},"end":{"line":50,"column":null}},"17":{"start":{"line":46,"column":19},"end":{"line":46,"column":27}},"18":{"start":{"line":46,"column":42},"end":{"line":46,"column":54}},"19":{"start":{"line":53,"column":2},"end":{"line":53,"column":null}},"20":{"start":{"line":56,"column":2},"end":{"line":56,"column":null}},"21":{"start":{"line":16,"column":13},"end":{"line":57,"column":null}}},"fnMap":{"0":{"name":"(anonymous_2)","decl":{"start":{"line":41,"column":13},"end":{"line":41,"column":16}},"loc":{"start":{"line":41,"column":19},"end":{"line":41,"column":28}}},"1":{"name":"(anonymous_3)","decl":{"start":{"line":41,"column":30},"end":{"line":41,"column":31}},"loc":{"start":{"line":41,"column":44},"end":{"line":41,"column":58}}},"2":{"name":"(anonymous_4)","decl":{"start":{"line":46,"column":13},"end":{"line":46,"column":16}},"loc":{"start":{"line":46,"column":19},"end":{"line":46,"column":27}}},"3":{"name":"(anonymous_5)","decl":{"start":{"line":46,"column":29},"end":{"line":46,"column":30}},"loc":{"start":{"line":46,"column":42},"end":{"line":46,"column":54}}}},"branchMap":{},"s":{"0":5,"1":5,"2":5,"3":5,"4":5,"5":5,"6":5,"7":5,"8":5,"9":5,"10":5,"11":5,"12":5,"13":5,"14":15,"15":15,"16":5,"17":15,"18":15,"19":5,"20":5,"21":5},"f":{"0":15,"1":15,"2":15,"3":15},"b":{}}
,"/Users/felipevilella/Desktop/Brain-Agriculture-backEnd/src/infra/entities/havests.entity.ts": {"path":"/Users/felipevilella/Desktop/Brain-Agriculture-backEnd/src/infra/entities/havests.entity.ts","statementMap":{"0":{"start":{"line":1,"column":0},"end":{"line":1,"column":null}},"1":{"start":{"line":12,"column":0},"end":{"line":12,"column":39}},"2":{"start":{"line":13,"column":0},"end":{"line":13,"column":39}},"3":{"start":{"line":16,"column":7},"end":{"line":41,"column":null}},"4":{"start":{"line":16,"column":13},"end":{"line":16,"column":21}},"5":{"start":{"line":18,"column":2},"end":{"line":18,"column":null}},"6":{"start":{"line":21,"column":2},"end":{"line":21,"column":null}},"7":{"start":{"line":24,"column":2},"end":{"line":24,"column":null}},"8":{"start":{"line":28,"column":2},"end":{"line":28,"column":null}},"9":{"start":{"line":26,"column":19},"end":{"line":26,"column":24}},"10":{"start":{"line":26,"column":36},"end":{"line":26,"column":49}},"11":{"start":{"line":34,"column":2},"end":{"line":34,"column":null}},"12":{"start":{"line":30,"column":19},"end":{"line":30,"column":24}},"13":{"start":{"line":30,"column":36},"end":{"line":30,"column":49}},"14":{"start":{"line":37,"column":2},"end":{"line":37,"column":null}},"15":{"start":{"line":40,"column":2},"end":{"line":40,"column":null}},"16":{"start":{"line":16,"column":13},"end":{"line":41,"column":null}}},"fnMap":{"0":{"name":"(anonymous_2)","decl":{"start":{"line":26,"column":13},"end":{"line":26,"column":16}},"loc":{"start":{"line":26,"column":19},"end":{"line":26,"column":24}}},"1":{"name":"(anonymous_3)","decl":{"start":{"line":26,"column":26},"end":{"line":26,"column":27}},"loc":{"start":{"line":26,"column":36},"end":{"line":26,"column":49}}},"2":{"name":"(anonymous_4)","decl":{"start":{"line":30,"column":13},"end":{"line":30,"column":16}},"loc":{"start":{"line":30,"column":19},"end":{"line":30,"column":24}}},"3":{"name":"(anonymous_5)","decl":{"start":{"line":30,"column":26},"end":{"line":30,"column":27}},"loc":{"start":{"line":30,"column":36},"end":{"line":30,"column":49}}}},"branchMap":{},"s":{"0":5,"1":5,"2":5,"3":5,"4":5,"5":5,"6":5,"7":5,"8":5,"9":15,"10":15,"11":5,"12":15,"13":15,"14":5,"15":5,"16":5},"f":{"0":15,"1":15,"2":15,"3":15},"b":{}}
,"/Users/felipevilella/Desktop/Brain-Agriculture-backEnd/src/infra/entities/producers.entity.ts": {"path":"/Users/felipevilella/Desktop/Brain-Agriculture-backEnd/src/infra/entities/producers.entity.ts","statementMap":{"0":{"start":{"line":1,"column":0},"end":{"line":1,"column":null}},"1":{"start":{"line":11,"column":0},"end":{"line":11,"column":64}},"2":{"start":{"line":12,"column":0},"end":{"line":12,"column":62}},"3":{"start":{"line":13,"column":0},"end":{"line":13,"column":39}},"4":{"start":{"line":16,"column":7},"end":{"line":50,"column":null}},"5":{"start":{"line":16,"column":13},"end":{"line":16,"column":22}},"6":{"start":{"line":18,"column":2},"end":{"line":18,"column":null}},"7":{"start":{"line":21,"column":2},"end":{"line":21,"column":null}},"8":{"start":{"line":28,"column":2},"end":{"line":28,"column":null}},"9":{"start":{"line":31,"column":2},"end":{"line":31,"column":null}},"10":{"start":{"line":34,"column":2},"end":{"line":34,"column":null}},"11":{"start":{"line":37,"column":2},"end":{"line":37,"column":null}},"12":{"start":{"line":40,"column":2},"end":{"line":40,"column":null}},"13":{"start":{"line":43,"column":2},"end":{"line":43,"column":null}},"14":{"start":{"line":46,"column":2},"end":{"line":46,"column":null}},"15":{"start":{"line":49,"column":2},"end":{"line":49,"column":null}},"16":{"start":{"line":48,"column":19},"end":{"line":48,"column":24}},"17":{"start":{"line":48,"column":36},"end":{"line":48,"column":49}},"18":{"start":{"line":16,"column":13},"end":{"line":50,"column":null}}},"fnMap":{"0":{"name":"(anonymous_2)","decl":{"start":{"line":48,"column":13},"end":{"line":48,"column":16}},"loc":{"start":{"line":48,"column":19},"end":{"line":48,"column":24}}},"1":{"name":"(anonymous_3)","decl":{"start":{"line":48,"column":26},"end":{"line":48,"column":27}},"loc":{"start":{"line":48,"column":36},"end":{"line":48,"column":49}}}},"branchMap":{},"s":{"0":5,"1":5,"2":5,"3":5,"4":5,"5":5,"6":5,"7":5,"8":5,"9":5,"10":5,"11":5,"12":5,"13":5,"14":5,"15":5,"16":15,"17":15,"18":5},"f":{"0":15,"1":15},"b":{}}
,"/Users/felipevilella/Desktop/Brain-Agriculture-backEnd/src/infra/helpers/all-exceptions.filter.ts": {"path":"/Users/felipevilella/Desktop/Brain-Agriculture-backEnd/src/infra/helpers/all-exceptions.filter.ts","statementMap":{"0":{"start":{"line":1,"column":0},"end":{"line":1,"column":null}},"1":{"start":{"line":10,"column":7},"end":{"line":37,"column":null}},"2":{"start":{"line":12,"column":16},"end":{"line":12,"column":35}},"3":{"start":{"line":13,"column":21},"end":{"line":13,"column":38}},"4":{"start":{"line":16,"column":6},"end":{"line":18,"column":42}},"5":{"start":{"line":21,"column":6},"end":{"line":23,"column":33}},"6":{"start":{"line":25,"column":4},"end":{"line":29,"column":5}},"7":{"start":{"line":26,"column":6},"end":{"line":28,"column":7}},"8":{"start":{"line":27,"column":8},"end":{"line":27,"column":43}},"9":{"start":{"line":31,"column":4},"end":{"line":35,"column":7}},"10":{"start":{"line":10,"column":13},"end":{"line":10,"column":32}},"11":{"start":{"line":10,"column":13},"end":{"line":37,"column":null}}},"fnMap":{"0":{"name":"(anonymous_1)","decl":{"start":{"line":11,"column":2},"end":{"line":11,"column":7}},"loc":{"start":{"line":11,"column":47},"end":{"line":36,"column":3}}}},"branchMap":{"0":{"loc":{"start":{"line":16,"column":6},"end":{"line":18,"column":42}},"type":"cond-expr","locations":[{"start":{"line":17,"column":10},"end":{"line":17,"column":31}},{"start":{"line":18,"column":10},"end":{"line":18,"column":42}}]},"1":{"loc":{"start":{"line":21,"column":6},"end":{"line":23,"column":33}},"type":"cond-expr","locations":[{"start":{"line":22,"column":10},"end":{"line":22,"column":33}},{"start":{"line":23,"column":10},"end":{"line":23,"column":33}}]},"2":{"loc":{"start":{"line":25,"column":4},"end":{"line":29,"column":5}},"type":"if","locations":[{"start":{"line":25,"column":4},"end":{"line":29,"column":5}}]},"3":{"loc":{"start":{"line":25,"column":8},"end":{"line":25,"column":55}},"type":"binary-expr","locations":[{"start":{"line":25,"column":8},"end":{"line":25,"column":35}},{"start":{"line":25,"column":39},"end":{"line":25,"column":55}}]},"4":{"loc":{"start":{"line":26,"column":6},"end":{"line":28,"column":7}},"type":"if","locations":[{"start":{"line":26,"column":6},"end":{"line":28,"column":7}}]},"5":{"loc":{"start":{"line":34,"column":13},"end":{"line":34,"column":94}},"type":"cond-expr","locations":[{"start":{"line":34,"column":59},"end":{"line":34,"column":82}},{"start":{"line":34,"column":85},"end":{"line":34,"column":94}}]}},"s":{"0":5,"1":5,"2":10,"3":10,"4":10,"5":10,"6":10,"7":7,"8":7,"9":10,"10":5,"11":5},"f":{"0":10},"b":{"0":[7,3],"1":[7,3],"2":[7],"3":[10,7],"4":[7],"5":[3,7]}}
,"/Users/felipevilella/Desktop/Brain-Agriculture-backEnd/src/infra/helpers/logInfo.ts": {"path":"/Users/felipevilella/Desktop/Brain-Agriculture-backEnd/src/infra/helpers/logInfo.ts","statementMap":{"0":{"start":{"line":1,"column":28},"end":{"line":5,"column":1}},"1":{"start":{"line":2,"column":2},"end":{"line":4,"column":3}},"2":{"start":{"line":3,"column":4},"end":{"line":3,"column":59}},"3":{"start":{"line":1,"column":13},"end":{"line":1,"column":28}},"4":{"start":{"line":7,"column":29},"end":{"line":11,"column":1}},"5":{"start":{"line":8,"column":2},"end":{"line":10,"column":3}},"6":{"start":{"line":9,"column":4},"end":{"line":9,"column":69}},"7":{"start":{"line":7,"column":13},"end":{"line":7,"column":29}},"8":{"start":{"line":13,"column":30},"end":{"line":15,"column":1}},"9":{"start":{"line":14,"column":2},"end":{"line":14,"column":68}},"10":{"start":{"line":13,"column":13},"end":{"line":13,"column":30}}},"fnMap":{"0":{"name":"(anonymous_0)","decl":{"start":{"line":1,"column":28},"end":{"line":1,"column":29}},"loc":{"start":{"line":1,"column":57},"end":{"line":5,"column":1}}},"1":{"name":"(anonymous_1)","decl":{"start":{"line":7,"column":29},"end":{"line":7,"column":30}},"loc":{"start":{"line":7,"column":73},"end":{"line":11,"column":1}}},"2":{"name":"(anonymous_2)","decl":{"start":{"line":13,"column":30},"end":{"line":13,"column":31}},"loc":{"start":{"line":13,"column":74},"end":{"line":15,"column":1}}}},"branchMap":{"0":{"loc":{"start":{"line":2,"column":2},"end":{"line":4,"column":3}},"type":"if","locations":[{"start":{"line":2,"column":2},"end":{"line":4,"column":3}}]},"1":{"loc":{"start":{"line":8,"column":2},"end":{"line":10,"column":3}},"type":"if","locations":[{"start":{"line":8,"column":2},"end":{"line":10,"column":3}}]}},"s":{"0":9,"1":8,"2":8,"3":9,"4":9,"5":5,"6":5,"7":9,"8":9,"9":3,"10":9},"f":{"0":8,"1":5,"2":3},"b":{"0":[8],"1":[5]}}
,"/Users/felipevilella/Desktop/Brain-Agriculture-backEnd/src/infra/repositories/crop.repository.ts": {"path":"/Users/felipevilella/Desktop/Brain-Agriculture-backEnd/src/infra/repositories/crop.repository.ts","statementMap":{"0":{"start":{"line":1,"column":0},"end":{"line":1,"column":44}},"1":{"start":{"line":2,"column":0},"end":{"line":2,"column":51}},"2":{"start":{"line":3,"column":0},"end":{"line":3,"column":37}},"3":{"start":{"line":5,"column":0},"end":{"line":5,"column":49}},"4":{"start":{"line":10,"column":7},"end":{"line":26,"column":null}},"5":{"start":{"line":13,"column":21},"end":{"line":13,"column":38}},"6":{"start":{"line":17,"column":17},"end":{"line":22,"column":19}},"7":{"start":{"line":24,"column":4},"end":{"line":24,"column":16}},"8":{"start":{"line":10,"column":13},"end":{"line":10,"column":27}},"9":{"start":{"line":10,"column":13},"end":{"line":26,"column":null}}},"fnMap":{"0":{"name":"(anonymous_4)","decl":{"start":{"line":11,"column":2},"end":{"line":11,"column":null}},"loc":{"start":{"line":13,"column":55},"end":{"line":14,"column":6}}},"1":{"name":"(anonymous_5)","decl":{"start":{"line":16,"column":2},"end":{"line":16,"column":7}},"loc":{"start":{"line":16,"column":26},"end":{"line":25,"column":3}}}},"branchMap":{},"s":{"0":5,"1":5,"2":5,"3":5,"4":5,"5":15,"6":0,"7":0,"8":5,"9":5},"f":{"0":15,"1":0},"b":{}}
,"/Users/felipevilella/Desktop/Brain-Agriculture-backEnd/src/infra/repositories/farms.repository.ts": {"path":"/Users/felipevilella/Desktop/Brain-Agriculture-backEnd/src/infra/repositories/farms.repository.ts","statementMap":{"0":{"start":{"line":1,"column":0},"end":{"line":1,"column":44}},"1":{"start":{"line":2,"column":0},"end":{"line":2,"column":51}},"2":{"start":{"line":5,"column":0},"end":{"line":5,"column":37}},"3":{"start":{"line":7,"column":0},"end":{"line":7,"column":49}},"4":{"start":{"line":8,"column":0},"end":{"line":8,"column":49}},"5":{"start":{"line":9,"column":0},"end":{"line":9,"column":54}},"6":{"start":{"line":18,"column":7},"end":{"line":91,"column":null}},"7":{"start":{"line":21,"column":21},"end":{"line":21,"column":38}},"8":{"start":{"line":25,"column":17},"end":{"line":30,"column":19}},"9":{"start":{"line":32,"column":4},"end":{"line":32,"column":16}},"10":{"start":{"line":36,"column":17},"end":{"line":39,"column":18}},"11":{"start":{"line":41,"column":4},"end":{"line":41,"column":22}},"12":{"start":{"line":45,"column":19},"end":{"line":49,"column":18}},"13":{"start":{"line":51,"column":4},"end":{"line":54,"column":6}},"14":{"start":{"line":58,"column":17},"end":{"line":61,"column":18}},"15":{"start":{"line":63,"column":4},"end":{"line":63,"column":20}},"16":{"start":{"line":67,"column":17},"end":{"line":67,"column":74}},"17":{"start":{"line":69,"column":4},"end":{"line":85,"column":15}},"18":{"start":{"line":71,"column":24},"end":{"line":71,"column":38}},"19":{"start":{"line":72,"column":8},"end":{"line":72,"column":39}},"20":{"start":{"line":73,"column":8},"end":{"line":73,"column":39}},"21":{"start":{"line":74,"column":8},"end":{"line":74,"column":28}},"22":{"start":{"line":76,"column":8},"end":{"line":82,"column":19}},"23":{"start":{"line":78,"column":25},"end":{"line":78,"column":36}},"24":{"start":{"line":79,"column":12},"end":{"line":79,"column":37}},"25":{"start":{"line":80,"column":12},"end":{"line":80,"column":36}},"26":{"start":{"line":81,"column":12},"end":{"line":81,"column":24}},"27":{"start":{"line":84,"column":8},"end":{"line":84,"column":23}},"28":{"start":{"line":87,"column":20},"end":{"line":87,"column":57}},"29":{"start":{"line":89,"column":4},"end":{"line":89,"column":31}},"30":{"start":{"line":18,"column":13},"end":{"line":18,"column":28}},"31":{"start":{"line":18,"column":13},"end":{"line":91,"column":null}}},"fnMap":{"0":{"name":"(anonymous_4)","decl":{"start":{"line":19,"column":2},"end":{"line":19,"column":null}},"loc":{"start":{"line":21,"column":55},"end":{"line":22,"column":6}}},"1":{"name":"(anonymous_5)","decl":{"start":{"line":24,"column":2},"end":{"line":24,"column":7}},"loc":{"start":{"line":24,"column":28},"end":{"line":33,"column":3}}},"2":{"name":"(anonymous_6)","decl":{"start":{"line":35,"column":2},"end":{"line":35,"column":7}},"loc":{"start":{"line":35,"column":21},"end":{"line":42,"column":3}}},"3":{"name":"(anonymous_7)","decl":{"start":{"line":44,"column":2},"end":{"line":44,"column":7}},"loc":{"start":{"line":44,"column":32},"end":{"line":55,"column":3}}},"4":{"name":"(anonymous_8)","decl":{"start":{"line":57,"column":2},"end":{"line":57,"column":7}},"loc":{"start":{"line":57,"column":25},"end":{"line":64,"column":3}}},"5":{"name":"(anonymous_9)","decl":{"start":{"line":66,"column":2},"end":{"line":66,"column":7}},"loc":{"start":{"line":66,"column":41},"end":{"line":90,"column":3}}},"6":{"name":"(anonymous_10)","decl":{"start":{"line":70,"column":28},"end":{"line":70,"column":29}},"loc":{"start":{"line":70,"column":43},"end":{"line":85,"column":7}}},"7":{"name":"(anonymous_11)","decl":{"start":{"line":77,"column":32},"end":{"line":77,"column":33}},"loc":{"start":{"line":77,"column":44},"end":{"line":82,"column":11}}}},"branchMap":{"0":{"loc":{"start":{"line":70,"column":6},"end":{"line":85,"column":14}},"type":"binary-expr","locations":[{"start":{"line":70,"column":6},"end":{"line":85,"column":8}},{"start":{"line":85,"column":12},"end":{"line":85,"column":14}}]},"1":{"loc":{"start":{"line":77,"column":10},"end":{"line":82,"column":18}},"type":"binary-expr","locations":[{"start":{"line":77,"column":10},"end":{"line":82,"column":12}},{"start":{"line":82,"column":16},"end":{"line":82,"column":18}}]}},"s":{"0":5,"1":5,"2":5,"3":5,"4":5,"5":5,"6":5,"7":15,"8":0,"9":0,"10":0,"11":0,"12":0,"13":0,"14":0,"15":0,"16":0,"17":0,"18":0,"19":0,"20":0,"21":0,"22":0,"23":0,"24":0,"25":0,"26":0,"27":0,"28":0,"29":0,"30":5,"31":5},"f":{"0":15,"1":0,"2":0,"3":0,"4":0,"5":0,"6":0,"7":0},"b":{"0":[0,0],"1":[0,0]}}
,"/Users/felipevilella/Desktop/Brain-Agriculture-backEnd/src/infra/repositories/producers.repository.ts": {"path":"/Users/felipevilella/Desktop/Brain-Agriculture-backEnd/src/infra/repositories/producers.repository.ts","statementMap":{"0":{"start":{"line":1,"column":0},"end":{"line":1,"column":44}},"1":{"start":{"line":2,"column":0},"end":{"line":2,"column":51}},"2":{"start":{"line":5,"column":0},"end":{"line":5,"column":37}},"3":{"start":{"line":8,"column":0},"end":{"line":8,"column":57}},"4":{"start":{"line":12,"column":7},"end":{"line":65,"column":null}},"5":{"start":{"line":15,"column":21},"end":{"line":15,"column":42}},"6":{"start":{"line":22,"column":22},"end":{"line":25,"column":6}},"7":{"start":{"line":27,"column":4},"end":{"line":27,"column":28}},"8":{"start":{"line":31,"column":4},"end":{"line":33,"column":34}},"9":{"start":{"line":40,"column":4},"end":{"line":40,"column":68}},"10":{"start":{"line":44,"column":4},"end":{"line":47,"column":6}},"11":{"start":{"line":51,"column":22},"end":{"line":54,"column":6}},"12":{"start":{"line":56,"column":4},"end":{"line":56,"column":50}},"13":{"start":{"line":60,"column":24},"end":{"line":60,"column":65}},"14":{"start":{"line":61,"column":4},"end":{"line":61,"column":53}},"15":{"start":{"line":63,"column":4},"end":{"line":63,"column":50}},"16":{"start":{"line":12,"column":13},"end":{"line":12,"column":32}},"17":{"start":{"line":12,"column":13},"end":{"line":65,"column":null}}},"fnMap":{"0":{"name":"(anonymous_4)","decl":{"start":{"line":13,"column":2},"end":{"line":13,"column":null}},"loc":{"start":{"line":15,"column":63},"end":{"line":16,"column":6}}},"1":{"name":"(anonymous_5)","decl":{"start":{"line":18,"column":2},"end":{"line":18,"column":7}},"loc":{"start":{"line":20,"column":31},"end":{"line":28,"column":3}}},"2":{"name":"(anonymous_6)","decl":{"start":{"line":30,"column":2},"end":{"line":30,"column":7}},"loc":{"start":{"line":30,"column":34},"end":{"line":34,"column":3}}},"3":{"name":"(anonymous_7)","decl":{"start":{"line":36,"column":2},"end":{"line":36,"column":7}},"loc":{"start":{"line":38,"column":27},"end":{"line":41,"column":3}}},"4":{"name":"(anonymous_8)","decl":{"start":{"line":43,"column":2},"end":{"line":43,"column":7}},"loc":{"start":{"line":43,"column":41},"end":{"line":48,"column":3}}},"5":{"name":"(anonymous_9)","decl":{"start":{"line":50,"column":2},"end":{"line":50,"column":7}},"loc":{"start":{"line":50,"column":21},"end":{"line":57,"column":3}}},"6":{"name":"(anonymous_10)","decl":{"start":{"line":59,"column":2},"end":{"line":59,"column":7}},"loc":{"start":{"line":59,"column":50},"end":{"line":64,"column":3}}}},"branchMap":{"0":{"loc":{"start":{"line":27,"column":11},"end":{"line":27,"column":27}},"type":"binary-expr","locations":[{"start":{"line":27,"column":11},"end":{"line":27,"column":19}},{"start":{"line":27,"column":23},"end":{"line":27,"column":27}}]}},"s":{"0":5,"1":5,"2":5,"3":5,"4":5,"5":5,"6":0,"7":0,"8":0,"9":0,"10":0,"11":0,"12":0,"13":0,"14":0,"15":0,"16":5,"17":5},"f":{"0":5,"1":0,"2":0,"3":0,"4":0,"5":0,"6":0},"b":{"0":[0,0]}}
,"/Users/felipevilella/Desktop/Brain-Agriculture-backEnd/src/infra/repositories/repositories.module.ts": {"path":"/Users/felipevilella/Desktop/Brain-Agriculture-backEnd/src/infra/repositories/repositories.module.ts","statementMap":{"0":{"start":{"line":1,"column":0},"end":{"line":1,"column":40}},"1":{"start":{"line":2,"column":0},"end":{"line":2,"column":48}},"2":{"start":{"line":4,"column":0},"end":{"line":4,"column":73}},"3":{"start":{"line":5,"column":0},"end":{"line":5,"column":49}},"4":{"start":{"line":6,"column":0},"end":{"line":6,"column":49}},"5":{"start":{"line":7,"column":0},"end":{"line":7,"column":54}},"6":{"start":{"line":8,"column":0},"end":{"line":8,"column":57}},"7":{"start":{"line":9,"column":0},"end":{"line":9,"column":53}},"8":{"start":{"line":10,"column":0},"end":{"line":10,"column":61}},"9":{"start":{"line":11,"column":0},"end":{"line":11,"column":51}},"10":{"start":{"line":21,"column":7},"end":{"line":21,"column":null}},"11":{"start":{"line":21,"column":13},"end":{"line":21,"column":31}},"12":{"start":{"line":21,"column":13},"end":{"line":21,"column":null}}},"fnMap":{},"branchMap":{},"s":{"0":5,"1":5,"2":5,"3":5,"4":5,"5":5,"6":5,"7":5,"8":5,"9":5,"10":5,"11":5,"12":5},"f":{},"b":{}}
,"/Users/felipevilella/Desktop/Brain-Agriculture-backEnd/src/infra/usecase-proxy/dashboard-usecase-proxy.module.ts": {"path":"/Users/felipevilella/Desktop/Brain-Agriculture-backEnd/src/infra/usecase-proxy/dashboard-usecase-proxy.module.ts","statementMap":{"0":{"start":{"line":1,"column":0},"end":{"line":1,"column":54}},"1":{"start":{"line":2,"column":0},"end":{"line":2,"column":80}},"2":{"start":{"line":4,"column":0},"end":{"line":4,"column":67}},"3":{"start":{"line":5,"column":0},"end":{"line":5,"column":47}},"4":{"start":{"line":6,"column":0},"end":{"line":6,"column":65}},"5":{"start":{"line":7,"column":0},"end":{"line":7,"column":82}},"6":{"start":{"line":16,"column":4},"end":{"line":31,"column":6}},"7":{"start":{"line":23,"column":12},"end":{"line":24,"column":null}},"8":{"start":{"line":12,"column":13},"end":{"line":12,"column":40}},"9":{"start":{"line":13,"column":9},"end":{"line":13,"column":29}},"10":{"start":{"line":12,"column":13},"end":{"line":33,"column":null}}},"fnMap":{"0":{"name":"(anonymous_1)","decl":{"start":{"line":15,"column":2},"end":{"line":15,"column":8}},"loc":{"start":{"line":15,"column":17},"end":{"line":32,"column":3}}},"1":{"name":"(anonymous_2)","decl":{"start":{"line":22,"column":22},"end":{"line":22,"column":23}},"loc":{"start":{"line":23,"column":12},"end":{"line":24,"column":null}}}},"branchMap":{},"s":{"0":0,"1":0,"2":0,"3":0,"4":0,"5":0,"6":0,"7":0,"8":0,"9":0,"10":0},"f":{"0":0,"1":0},"b":{}}
,"/Users/felipevilella/Desktop/Brain-Agriculture-backEnd/src/infra/usecase-proxy/farm-usecase-proxy.module.ts": {"path":"/Users/felipevilella/Desktop/Brain-Agriculture-backEnd/src/infra/usecase-proxy/farm-usecase-proxy.module.ts","statementMap":{"0":{"start":{"line":1,"column":0},"end":{"line":1,"column":54}},"1":{"start":{"line":2,"column":0},"end":{"line":2,"column":80}},"2":{"start":{"line":3,"column":0},"end":{"line":3,"column":82}},"3":{"start":{"line":5,"column":0},"end":{"line":5,"column":67}},"4":{"start":{"line":6,"column":0},"end":{"line":6,"column":75}},"5":{"start":{"line":7,"column":0},"end":{"line":7,"column":47}},"6":{"start":{"line":16,"column":4},"end":{"line":31,"column":6}},"7":{"start":{"line":23,"column":12},"end":{"line":24,"column":null}},"8":{"start":{"line":12,"column":13},"end":{"line":12,"column":35}},"9":{"start":{"line":13,"column":9},"end":{"line":13,"column":31}},"10":{"start":{"line":12,"column":13},"end":{"line":33,"column":null}}},"fnMap":{"0":{"name":"(anonymous_1)","decl":{"start":{"line":15,"column":2},"end":{"line":15,"column":8}},"loc":{"start":{"line":15,"column":17},"end":{"line":32,"column":3}}},"1":{"name":"(anonymous_2)","decl":{"start":{"line":22,"column":22},"end":{"line":22,"column":23}},"loc":{"start":{"line":23,"column":12},"end":{"line":24,"column":null}}}},"branchMap":{},"s":{"0":1,"1":1,"2":1,"3":1,"4":1,"5":1,"6":5,"7":0,"8":1,"9":1,"10":1},"f":{"0":5,"1":0},"b":{}}
,"/Users/felipevilella/Desktop/Brain-Agriculture-backEnd/src/infra/usecase-proxy/producer-usecase-proxy.module.ts": {"path":"/Users/felipevilella/Desktop/Brain-Agriculture-backEnd/src/infra/usecase-proxy/producer-usecase-proxy.module.ts","statementMap":{"0":{"start":{"line":1,"column":0},"end":{"line":1,"column":54}},"1":{"start":{"line":2,"column":0},"end":{"line":2,"column":82}},"2":{"start":{"line":3,"column":0},"end":{"line":3,"column":80}},"3":{"start":{"line":4,"column":0},"end":{"line":4,"column":110}},"4":{"start":{"line":5,"column":0},"end":{"line":5,"column":93}},"5":{"start":{"line":6,"column":0},"end":{"line":6,"column":90}},"6":{"start":{"line":8,"column":0},"end":{"line":8,"column":47}},"7":{"start":{"line":21,"column":4},"end":{"line":54,"column":6}},"8":{"start":{"line":28,"column":12},"end":{"line":29,"column":null}},"9":{"start":{"line":36,"column":12},"end":{"line":37,"column":null}},"10":{"start":{"line":44,"column":12},"end":{"line":45,"column":null}},"11":{"start":{"line":13,"column":13},"end":{"line":13,"column":39}},"12":{"start":{"line":14,"column":9},"end":{"line":14,"column":45}},"13":{"start":{"line":16,"column":9},"end":{"line":16,"column":35}},"14":{"start":{"line":18,"column":9},"end":{"line":18,"column":33}},"15":{"start":{"line":13,"column":13},"end":{"line":56,"column":null}}},"fnMap":{"0":{"name":"(anonymous_1)","decl":{"start":{"line":20,"column":2},"end":{"line":20,"column":8}},"loc":{"start":{"line":20,"column":17},"end":{"line":55,"column":3}}},"1":{"name":"(anonymous_2)","decl":{"start":{"line":27,"column":22},"end":{"line":27,"column":23}},"loc":{"start":{"line":28,"column":12},"end":{"line":29,"column":null}}},"2":{"name":"(anonymous_3)","decl":{"start":{"line":35,"column":22},"end":{"line":35,"column":23}},"loc":{"start":{"line":36,"column":12},"end":{"line":37,"column":null}}},"3":{"name":"(anonymous_4)","decl":{"start":{"line":43,"column":22},"end":{"line":43,"column":23}},"loc":{"start":{"line":44,"column":12},"end":{"line":45,"column":null}}}},"branchMap":{},"s":{"0":4,"1":4,"2":4,"3":4,"4":4,"5":4,"6":4,"7":10,"8":4,"9":7,"10":9,"11":4,"12":4,"13":4,"14":4,"15":4},"f":{"0":10,"1":4,"2":7,"3":9},"b":{}}
,"/Users/felipevilella/Desktop/Brain-Agriculture-backEnd/src/infra/usecase-proxy/usecase-proxy.ts": {"path":"/Users/felipevilella/Desktop/Brain-Agriculture-backEnd/src/infra/usecase-proxy/usecase-proxy.ts","statementMap":{"0":{"start":{"line":2,"column":31},"end":{"line":2,"column":41}},"1":{"start":{"line":5,"column":4},"end":{"line":5,"column":24}},"2":{"start":{"line":1,"column":0},"end":{"line":1,"column":13}}},"fnMap":{"0":{"name":"(anonymous_0)","decl":{"start":{"line":2,"column":2},"end":{"line":2,"column":31}},"loc":{"start":{"line":2,"column":41},"end":{"line":2,"column":45}}},"1":{"name":"(anonymous_1)","decl":{"start":{"line":4,"column":2},"end":{"line":4,"column":13}},"loc":{"start":{"line":4,"column":13},"end":{"line":6,"column":3}}}},"branchMap":{},"s":{"0":20,"1":0,"2":5},"f":{"0":20,"1":0},"b":{}}
,"/Users/felipevilella/Desktop/Brain-Agriculture-backEnd/src/module/app.module.ts": {"path":"/Users/felipevilella/Desktop/Brain-Agriculture-backEnd/src/module/app.module.ts","statementMap":{"0":{"start":{"line":1,"column":0},"end":{"line":1,"column":40}},"1":{"start":{"line":2,"column":0},"end":{"line":2,"column":91}},"2":{"start":{"line":3,"column":0},"end":{"line":3,"column":99}},"3":{"start":{"line":5,"column":0},"end":{"line":5,"column":93}},"4":{"start":{"line":6,"column":0},"end":{"line":6,"column":79}},"5":{"start":{"line":7,"column":0},"end":{"line":7,"column":58}},"6":{"start":{"line":8,"column":0},"end":{"line":8,"column":50}},"7":{"start":{"line":9,"column":0},"end":{"line":9,"column":70}},"8":{"start":{"line":10,"column":0},"end":{"line":10,"column":62}},"9":{"start":{"line":11,"column":0},"end":{"line":11,"column":71}},"10":{"start":{"line":12,"column":0},"end":{"line":12,"column":101}},"11":{"start":{"line":30,"column":7},"end":{"line":30,"column":null}},"12":{"start":{"line":30,"column":13},"end":{"line":30,"column":22}},"13":{"start":{"line":30,"column":13},"end":{"line":30,"column":null}}},"fnMap":{},"branchMap":{},"s":{"0":0,"1":0,"2":0,"3":0,"4":0,"5":0,"6":0,"7":0,"8":0,"9":0,"10":0,"11":0,"12":0,"13":0},"f":{},"b":{}}
,"/Users/felipevilella/Desktop/Brain-Agriculture-backEnd/src/module/dashboard/dashboard.controller.ts": {"path":"/Users/felipevilella/Desktop/Brain-Agriculture-backEnd/src/module/dashboard/dashboard.controller.ts","statementMap":{"0":{"start":{"line":1,"column":0},"end":{"line":1,"column":null}},"1":{"start":{"line":8,"column":0},"end":{"line":8,"column":69}},"2":{"start":{"line":9,"column":0},"end":{"line":9,"column":101}},"3":{"start":{"line":13,"column":7},"end":{"line":24,"column":null}},"4":{"start":{"line":16,"column":21},"end":{"line":16,"column":39}},"5":{"start":{"line":22,"column":4},"end":{"line":22,"column":63}},"6":{"start":{"line":13,"column":13},"end":{"line":13,"column":32}},"7":{"start":{"line":21,"column":8},"end":{"line":23,"column":null}},"8":{"start":{"line":13,"column":13},"end":{"line":24,"column":null}}},"fnMap":{"0":{"name":"(anonymous_4)","decl":{"start":{"line":14,"column":2},"end":{"line":14,"column":null}},"loc":{"start":{"line":16,"column":69},"end":{"line":17,"column":6}}},"1":{"name":"(anonymous_5)","decl":{"start":{"line":21,"column":2},"end":{"line":21,"column":7}},"loc":{"start":{"line":21,"column":20},"end":{"line":23,"column":3}}}},"branchMap":{},"s":{"0":0,"1":0,"2":0,"3":0,"4":0,"5":0,"6":0,"7":0,"8":0},"f":{"0":0,"1":0},"b":{}}
,"/Users/felipevilella/Desktop/Brain-Agriculture-backEnd/src/module/dashboard/dashboard.module.ts": {"path":"/Users/felipevilella/Desktop/Brain-Agriculture-backEnd/src/module/dashboard/dashboard.module.ts","statementMap":{"0":{"start":{"line":1,"column":0},"end":{"line":1,"column":40}},"1":{"start":{"line":2,"column":0},"end":{"line":2,"column":48}},"2":{"start":{"line":3,"column":0},"end":{"line":3,"column":56}},"3":{"start":{"line":4,"column":0},"end":{"line":4,"column":56}},"4":{"start":{"line":5,"column":0},"end":{"line":5,"column":61}},"5":{"start":{"line":6,"column":0},"end":{"line":6,"column":101}},"6":{"start":{"line":16,"column":7},"end":{"line":16,"column":null}},"7":{"start":{"line":16,"column":13},"end":{"line":16,"column":28}},"8":{"start":{"line":16,"column":13},"end":{"line":16,"column":null}}},"fnMap":{},"branchMap":{},"s":{"0":0,"1":0,"2":0,"3":0,"4":0,"5":0,"6":0,"7":0,"8":0},"f":{},"b":{}}
,"/Users/felipevilella/Desktop/Brain-Agriculture-backEnd/src/module/dashboard/services/dashbord.service.ts": {"path":"/Users/felipevilella/Desktop/Brain-Agriculture-backEnd/src/module/dashboard/services/dashbord.service.ts","statementMap":{"0":{"start":{"line":8,"column":0},"end":{"line":8,"column":58}},"1":{"start":{"line":22,"column":21},"end":{"line":22,"column":52}},"2":{"start":{"line":23,"column":21},"end":{"line":23,"column":52}},"3":{"start":{"line":27,"column":23},"end":{"line":27,"column":64}},"4":{"start":{"line":28,"column":27},"end":{"line":28,"column":72}},"5":{"start":{"line":29,"column":30},"end":{"line":29,"column":78}},"6":{"start":{"line":31,"column":6},"end":{"line":31,"column":58}},"7":{"start":{"line":34,"column":27},"end":{"line":34,"column":74}},"8":{"start":{"line":35,"column":4},"end":{"line":35,"column":null}},"9":{"start":{"line":37,"column":4},"end":{"line":45,"column":6}},"10":{"start":{"line":49,"column":17},"end":{"line":49,"column":44}},"11":{"start":{"line":51,"column":4},"end":{"line":51,"column":16}},"12":{"start":{"line":20,"column":0},"end":{"line":20,"column":13}}},"fnMap":{"0":{"name":"(anonymous_0)","decl":{"start":{"line":21,"column":2},"end":{"line":21,"column":null}},"loc":{"start":{"line":23,"column":52},"end":{"line":24,"column":6}}},"1":{"name":"(anonymous_1)","decl":{"start":{"line":26,"column":10},"end":{"line":26,"column":15}},"loc":{"start":{"line":26,"column":30},"end":{"line":46,"column":3}}},"2":{"name":"(anonymous_2)","decl":{"start":{"line":48,"column":2},"end":{"line":48,"column":7}},"loc":{"start":{"line":48,"column":15},"end":{"line":52,"column":3}}}},"branchMap":{},"s":{"0":0,"1":0,"2":0,"3":0,"4":0,"5":0,"6":0,"7":0,"8":0,"9":0,"10":0,"11":0,"12":0},"f":{"0":0,"1":0,"2":0},"b":{}}
,"/Users/felipevilella/Desktop/Brain-Agriculture-backEnd/src/module/farms/farms.controller.ts": {"path":"/Users/felipevilella/Desktop/Brain-Agriculture-backEnd/src/module/farms/farms.controller.ts","statementMap":{"0":{"start":{"line":1,"column":0},"end":{"line":1,"column":null}},"1":{"start":{"line":9,"column":0},"end":{"line":9,"column":91}},"2":{"start":{"line":10,"column":0},"end":{"line":10,"column":69}},"3":{"start":{"line":13,"column":0},"end":{"line":13,"column":69}},"4":{"start":{"line":14,"column":0},"end":{"line":14,"column":57}},"5":{"start":{"line":18,"column":7},"end":{"line":30,"column":null}},"6":{"start":{"line":21,"column":21},"end":{"line":21,"column":40}},"7":{"start":{"line":27,"column":4},"end":{"line":27,"column":null}},"8":{"start":{"line":28,"column":4},"end":{"line":28,"column":68}},"9":{"start":{"line":18,"column":13},"end":{"line":18,"column":27}},"10":{"start":{"line":26,"column":8},"end":{"line":29,"column":null}},"11":{"start":{"line":18,"column":13},"end":{"line":30,"column":null}}},"fnMap":{"0":{"name":"(anonymous_4)","decl":{"start":{"line":19,"column":2},"end":{"line":19,"column":null}},"loc":{"start":{"line":21,"column":71},"end":{"line":22,"column":6}}},"1":{"name":"(anonymous_5)","decl":{"start":{"line":26,"column":2},"end":{"line":26,"column":7}},"loc":{"start":{"line":26,"column":42},"end":{"line":29,"column":3}}}},"branchMap":{},"s":{"0":1,"1":1,"2":1,"3":1,"4":1,"5":1,"6":5,"7":4,"8":4,"9":1,"10":1,"11":1},"f":{"0":5,"1":4},"b":{}}
,"/Users/felipevilella/Desktop/Brain-Agriculture-backEnd/src/module/farms/farms.module.ts": {"path":"/Users/felipevilella/Desktop/Brain-Agriculture-backEnd/src/module/farms/farms.module.ts","statementMap":{"0":{"start":{"line":1,"column":0},"end":{"line":1,"column":40}},"1":{"start":{"line":2,"column":0},"end":{"line":2,"column":48}},"2":{"start":{"line":3,"column":0},"end":{"line":3,"column":56}},"3":{"start":{"line":4,"column":0},"end":{"line":4,"column":56}},"4":{"start":{"line":5,"column":0},"end":{"line":5,"column":61}},"5":{"start":{"line":6,"column":0},"end":{"line":6,"column":64}},"6":{"start":{"line":7,"column":0},"end":{"line":7,"column":91}},"7":{"start":{"line":9,"column":0},"end":{"line":9,"column":52}},"8":{"start":{"line":18,"column":7},"end":{"line":18,"column":null}},"9":{"start":{"line":18,"column":13},"end":{"line":18,"column":23}},"10":{"start":{"line":18,"column":13},"end":{"line":18,"column":null}}},"fnMap":{},"branchMap":{},"s":{"0":0,"1":0,"2":0,"3":0,"4":0,"5":0,"6":0,"7":0,"8":0,"9":0,"10":0},"f":{},"b":{}}
,"/Users/felipevilella/Desktop/Brain-Agriculture-backEnd/src/module/farms/mapper/farms.mapper.ts": {"path":"/Users/felipevilella/Desktop/Brain-Agriculture-backEnd/src/module/farms/mapper/farms.mapper.ts","statementMap":{"0":{"start":{"line":1,"column":0},"end":{"line":1,"column":55}},"1":{"start":{"line":7,"column":4},"end":{"line":25,"column":7}},"2":{"start":{"line":16,"column":43},"end":{"line":24,"column":8}},"3":{"start":{"line":20,"column":36},"end":{"line":23,"column":10}},"4":{"start":{"line":29,"column":4},"end":{"line":29,"column":49}},"5":{"start":{"line":29,"column":31},"end":{"line":29,"column":47}},"6":{"start":{"line":33,"column":9},"end":{"line":33,"column":19}}},"fnMap":{"0":{"name":"(anonymous_0)","decl":{"start":{"line":6,"column":2},"end":{"line":6,"column":8}},"loc":{"start":{"line":6,"column":29},"end":{"line":26,"column":3}}},"1":{"name":"(anonymous_1)","decl":{"start":{"line":16,"column":35},"end":{"line":16,"column":36}},"loc":{"start":{"line":16,"column":43},"end":{"line":24,"column":8}}},"2":{"name":"(anonymous_2)","decl":{"start":{"line":20,"column":28},"end":{"line":20,"column":29}},"loc":{"start":{"line":20,"column":36},"end":{"line":23,"column":10}}},"3":{"name":"(anonymous_3)","decl":{"start":{"line":28,"column":2},"end":{"line":28,"column":8}},"loc":{"start":{"line":28,"column":36},"end":{"line":30,"column":3}}},"4":{"name":"(anonymous_4)","decl":{"start":{"line":29,"column":21},"end":{"line":29,"column":22}},"loc":{"start":{"line":29,"column":31},"end":{"line":29,"column":47}}}},"branchMap":{},"s":{"0":8,"1":6,"2":6,"3":6,"4":5,"5":5,"6":8},"f":{"0":6,"1":6,"2":6,"3":5,"4":5},"b":{}}
,"/Users/felipevilella/Desktop/Brain-Agriculture-backEnd/src/module/farms/services/createFarm.services.ts": {"path":"/Users/felipevilella/Desktop/Brain-Agriculture-backEnd/src/module/farms/services/createFarm.services.ts","statementMap":{"0":{"start":{"line":1,"column":0},"end":{"line":1,"column":53}},"1":{"start":{"line":2,"column":0},"end":{"line":2,"column":37}},"2":{"start":{"line":7,"column":0},"end":{"line":7,"column":52}},"3":{"start":{"line":9,"column":0},"end":{"line":9,"column":74}},"4":{"start":{"line":13,"column":21},"end":{"line":13,"column":52}},"5":{"start":{"line":14,"column":21},"end":{"line":14,"column":61}},"6":{"start":{"line":22,"column":18},"end":{"line":22,"column":40}},"7":{"start":{"line":23,"column":21},"end":{"line":23,"column":65}},"8":{"start":{"line":25,"column":4},"end":{"line":34,"column":5}},"9":{"start":{"line":26,"column":6},"end":{"line":30,"column":null}},"10":{"start":{"line":31,"column":6},"end":{"line":33,"column":8}},"11":{"start":{"line":38,"column":54},"end":{"line":38,"column":58}},"12":{"start":{"line":39,"column":4},"end":{"line":39,"column":70}},"13":{"start":{"line":41,"column":24},"end":{"line":41,"column":66}},"14":{"start":{"line":43,"column":4},"end":{"line":43,"column":null}},"15":{"start":{"line":45,"column":4},"end":{"line":45,"column":23}},"16":{"start":{"line":49,"column":29},"end":{"line":49,"column":92}},"17":{"start":{"line":51,"column":4},"end":{"line":54,"column":5}},"18":{"start":{"line":52,"column":6},"end":{"line":52,"column":null}},"19":{"start":{"line":53,"column":6},"end":{"line":53,"column":78}},"20":{"start":{"line":56,"column":23},"end":{"line":56,"column":50}},"21":{"start":{"line":58,"column":4},"end":{"line":58,"column":40}},"22":{"start":{"line":11,"column":0},"end":{"line":11,"column":13}}},"fnMap":{"0":{"name":"(anonymous_0)","decl":{"start":{"line":12,"column":2},"end":{"line":12,"column":null}},"loc":{"start":{"line":14,"column":61},"end":{"line":15,"column":6}}},"1":{"name":"(anonymous_1)","decl":{"start":{"line":17,"column":10},"end":{"line":17,"column":31}},"loc":{"start":{"line":20,"column":26},"end":{"line":35,"column":3}}},"2":{"name":"(anonymous_2)","decl":{"start":{"line":37,"column":10},"end":{"line":37,"column":15}},"loc":{"start":{"line":37,"column":46},"end":{"line":46,"column":3}}},"3":{"name":"(anonymous_3)","decl":{"start":{"line":48,"column":2},"end":{"line":48,"column":7}},"loc":{"start":{"line":48,"column":35},"end":{"line":59,"column":3}}}},"branchMap":{"0":{"loc":{"start":{"line":25,"column":4},"end":{"line":34,"column":5}},"type":"if","locations":[{"start":{"line":25,"column":4},"end":{"line":34,"column":5}}]},"1":{"loc":{"start":{"line":51,"column":4},"end":{"line":54,"column":5}},"type":"if","locations":[{"start":{"line":51,"column":4},"end":{"line":54,"column":5}}]}},"s":{"0":2,"1":2,"2":2,"3":2,"4":1,"5":1,"6":1,"7":1,"8":1,"9":0,"10":0,"11":1,"12":1,"13":1,"14":1,"15":1,"16":2,"17":2,"18":1,"19":1,"20":1,"21":1,"22":2},"f":{"0":1,"1":1,"2":1,"3":2},"b":{"0":[0],"1":[1]}}
,"/Users/felipevilella/Desktop/Brain-Agriculture-backEnd/src/module/producers/producers.controller.ts": {"path":"/Users/felipevilella/Desktop/Brain-Agriculture-backEnd/src/module/producers/producers.controller.ts","statementMap":{"0":{"start":{"line":1,"column":0},"end":{"line":1,"column":null}},"1":{"start":{"line":14,"column":0},"end":{"line":14,"column":99}},"2":{"start":{"line":15,"column":0},"end":{"line":15,"column":69}},"3":{"start":{"line":20,"column":0},"end":{"line":20,"column":null}},"4":{"start":{"line":24,"column":0},"end":{"line":24,"column":57}},"5":{"start":{"line":27,"column":7},"end":{"line":65,"column":null}},"6":{"start":{"line":30,"column":21},"end":{"line":30,"column":44}},"7":{"start":{"line":32,"column":21},"end":{"line":32,"column":44}},"8":{"start":{"line":34,"column":21},"end":{"line":34,"column":42}},"9":{"start":{"line":41,"column":4},"end":{"line":41,"column":27}},"10":{"start":{"line":42,"column":4},"end":{"line":42,"column":76}},"11":{"start":{"line":48,"column":4},"end":{"line":48,"column":27}},"12":{"start":{"line":49,"column":4},"end":{"line":49,"column":80}},"13":{"start":{"line":56,"column":4},"end":{"line":56,"column":70}},"14":{"start":{"line":63,"column":4},"end":{"line":63,"column":66}},"15":{"start":{"line":27,"column":13},"end":{"line":27,"column":31}},"16":{"start":{"line":40,"column":8},"end":{"line":43,"column":null}},"17":{"start":{"line":47,"column":8},"end":{"line":50,"column":null}},"18":{"start":{"line":55,"column":8},"end":{"line":57,"column":null}},"19":{"start":{"line":62,"column":8},"end":{"line":64,"column":null}},"20":{"start":{"line":27,"column":13},"end":{"line":65,"column":null}}},"fnMap":{"0":{"name":"(anonymous_4)","decl":{"start":{"line":28,"column":2},"end":{"line":28,"column":null}},"loc":{"start":{"line":34,"column":75},"end":{"line":35,"column":6}}},"1":{"name":"(anonymous_5)","decl":{"start":{"line":40,"column":2},"end":{"line":40,"column":7}},"loc":{"start":{"line":40,"column":50},"end":{"line":43,"column":3}}},"2":{"name":"(anonymous_6)","decl":{"start":{"line":47,"column":2},"end":{"line":47,"column":7}},"loc":{"start":{"line":47,"column":75},"end":{"line":50,"column":3}}},"3":{"name":"(anonymous_7)","decl":{"start":{"line":55,"column":2},"end":{"line":55,"column":7}},"loc":{"start":{"line":55,"column":38},"end":{"line":57,"column":3}}},"4":{"name":"(anonymous_8)","decl":{"start":{"line":62,"column":2},"end":{"line":62,"column":7}},"loc":{"start":{"line":62,"column":12},"end":{"line":64,"column":3}}}},"branchMap":{},"s":{"0":4,"1":4,"2":4,"3":4,"4":4,"5":4,"6":10,"7":10,"8":10,"9":1,"10":1,"11":3,"12":3,"13":3,"14":1,"15":4,"16":4,"17":4,"18":4,"19":4,"20":4},"f":{"0":10,"1":1,"2":3,"3":3,"4":1},"b":{}}
,"/Users/felipevilella/Desktop/Brain-Agriculture-backEnd/src/module/producers/producers.module.ts": {"path":"/Users/felipevilella/Desktop/Brain-Agriculture-backEnd/src/module/producers/producers.module.ts","statementMap":{"0":{"start":{"line":1,"column":0},"end":{"line":1,"column":40}},"1":{"start":{"line":2,"column":0},"end":{"line":2,"column":48}},"2":{"start":{"line":3,"column":0},"end":{"line":3,"column":64}},"3":{"start":{"line":4,"column":0},"end":{"line":4,"column":99}},"4":{"start":{"line":6,"column":0},"end":{"line":6,"column":60}},"5":{"start":{"line":15,"column":7},"end":{"line":15,"column":null}},"6":{"start":{"line":15,"column":13},"end":{"line":15,"column":27}},"7":{"start":{"line":15,"column":13},"end":{"line":15,"column":null}}},"fnMap":{},"branchMap":{},"s":{"0":0,"1":0,"2":0,"3":0,"4":0,"5":0,"6":0,"7":0},"f":{},"b":{}}
,"/Users/felipevilella/Desktop/Brain-Agriculture-backEnd/src/module/producers/mapper/producers.mapper.ts": {"path":"/Users/felipevilella/Desktop/Brain-Agriculture-backEnd/src/module/producers/mapper/producers.mapper.ts","statementMap":{"0":{"start":{"line":1,"column":0},"end":{"line":1,"column":55}},"1":{"start":{"line":3,"column":0},"end":{"line":3,"column":66}},"2":{"start":{"line":8,"column":4},"end":{"line":16,"column":7}},"3":{"start":{"line":20,"column":9},"end":{"line":20,"column":23}}},"fnMap":{"0":{"name":"(anonymous_0)","decl":{"start":{"line":7,"column":2},"end":{"line":7,"column":8}},"loc":{"start":{"line":7,"column":86},"end":{"line":17,"column":3}}}},"branchMap":{"0":{"loc":{"start":{"line":15,"column":13},"end":{"line":15,"column":81}},"type":"cond-expr","locations":[{"start":{"line":15,"column":42},"end":{"line":15,"column":69}},{"start":{"line":15,"column":72},"end":{"line":15,"column":81}}]},"1":{"loc":{"start":{"line":15,"column":13},"end":{"line":15,"column":39}},"type":"binary-expr","locations":[{"start":{"line":15,"column":13},"end":{"line":15,"column":18}},{"start":{"line":15,"column":22},"end":{"line":15,"column":39}}]}},"s":{"0":6,"1":6,"2":6,"3":6},"f":{"0":6},"b":{"0":[5,1],"1":[6,5]}}
,"/Users/felipevilella/Desktop/Brain-Agriculture-backEnd/src/module/producers/services/createOrUpdateProducer.services.ts": {"path":"/Users/felipevilella/Desktop/Brain-Agriculture-backEnd/src/module/producers/services/createOrUpdateProducer.services.ts","statementMap":{"0":{"start":{"line":1,"column":0},"end":{"line":1,"column":53}},"1":{"start":{"line":9,"column":0},"end":{"line":9,"column":60}},"2":{"start":{"line":10,"column":0},"end":{"line":10,"column":74}},"3":{"start":{"line":13,"column":31},"end":{"line":13,"column":71}},"4":{"start":{"line":19,"column":24},"end":{"line":21,"column":null}},"5":{"start":{"line":23,"column":4},"end":{"line":29,"column":5}},"6":{"start":{"line":24,"column":6},"end":{"line":24,"column":91}},"7":{"start":{"line":26,"column":6},"end":{"line":28,"column":8}},"8":{"start":{"line":33,"column":4},"end":{"line":33,"column":79}},"9":{"start":{"line":36,"column":6},"end":{"line":36,"column":61}},"10":{"start":{"line":38,"column":4},"end":{"line":38,"column":85}},"11":{"start":{"line":40,"column":4},"end":{"line":40,"column":27}},"12":{"start":{"line":44,"column":29},"end":{"line":44,"column":79}},"13":{"start":{"line":46,"column":4},"end":{"line":49,"column":5}},"14":{"start":{"line":47,"column":6},"end":{"line":47,"column":89}},"15":{"start":{"line":48,"column":6},"end":{"line":48,"column":65}},"16":{"start":{"line":52,"column":6},"end":{"line":52,"column":66}},"17":{"start":{"line":54,"column":4},"end":{"line":57,"column":5}},"18":{"start":{"line":55,"column":6},"end":{"line":55,"column":null}},"19":{"start":{"line":56,"column":6},"end":{"line":56,"column":73}},"20":{"start":{"line":59,"column":4},"end":{"line":59,"column":60}},"21":{"start":{"line":61,"column":28},"end":{"line":61,"column":78}},"22":{"start":{"line":63,"column":4},"end":{"line":63,"column":null}},"23":{"start":{"line":65,"column":4},"end":{"line":65,"column":27}},"24":{"start":{"line":72,"column":19},"end":{"line":74,"column":43}},"25":{"start":{"line":76,"column":4},"end":{"line":76,"column":40}},"26":{"start":{"line":12,"column":0},"end":{"line":12,"column":13}}},"fnMap":{"0":{"name":"(anonymous_0)","decl":{"start":{"line":13,"column":2},"end":{"line":13,"column":31}},"loc":{"start":{"line":13,"column":71},"end":{"line":13,"column":75}}},"1":{"name":"(anonymous_1)","decl":{"start":{"line":15,"column":10},"end":{"line":15,"column":15}},"loc":{"start":{"line":17,"column":31},"end":{"line":30,"column":3}}},"2":{"name":"(anonymous_2)","decl":{"start":{"line":32,"column":10},"end":{"line":32,"column":15}},"loc":{"start":{"line":32,"column":58},"end":{"line":41,"column":3}}},"3":{"name":"(anonymous_3)","decl":{"start":{"line":43,"column":10},"end":{"line":43,"column":15}},"loc":{"start":{"line":43,"column":66},"end":{"line":66,"column":3}}},"4":{"name":"(anonymous_4)","decl":{"start":{"line":68,"column":2},"end":{"line":68,"column":7}},"loc":{"start":{"line":70,"column":15},"end":{"line":77,"column":3}}}},"branchMap":{"0":{"loc":{"start":{"line":23,"column":4},"end":{"line":29,"column":5}},"type":"if","locations":[{"start":{"line":23,"column":4},"end":{"line":29,"column":5}}]},"1":{"loc":{"start":{"line":46,"column":4},"end":{"line":49,"column":5}},"type":"if","locations":[{"start":{"line":46,"column":4},"end":{"line":49,"column":5}}]},"2":{"loc":{"start":{"line":52,"column":6},"end":{"line":52,"column":66}},"type":"binary-expr","locations":[{"start":{"line":52,"column":6},"end":{"line":52,"column":19}},{"start":{"line":52,"column":23},"end":{"line":52,"column":66}}]},"3":{"loc":{"start":{"line":54,"column":4},"end":{"line":57,"column":5}},"type":"if","locations":[{"start":{"line":54,"column":4},"end":{"line":57,"column":5}}]},"4":{"loc":{"start":{"line":72,"column":19},"end":{"line":74,"column":43}},"type":"cond-expr","locations":[{"start":{"line":73,"column":8},"end":{"line":73,"column":47}},{"start":{"line":74,"column":8},"end":{"line":74,"column":43}}]}},"s":{"0":5,"1":5,"2":5,"3":5,"4":2,"5":2,"6":1,"7":1,"8":2,"9":1,"10":1,"11":1,"12":0,"13":0,"14":0,"15":0,"16":0,"17":0,"18":0,"19":0,"20":0,"21":0,"22":0,"23":0,"24":2,"25":1,"26":5},"f":{"0":5,"1":2,"2":2,"3":0,"4":2},"b":{"0":[1],"1":[0],"2":[0,0],"3":[0],"4":[0,2]}}
,"/Users/felipevilella/Desktop/Brain-Agriculture-backEnd/src/module/producers/services/deleteProducer.service.ts": {"path":"/Users/felipevilella/Desktop/Brain-Agriculture-backEnd/src/module/producers/services/deleteProducer.service.ts","statementMap":{"0":{"start":{"line":1,"column":0},"end":{"line":1,"column":53}},"1":{"start":{"line":2,"column":0},"end":{"line":2,"column":74}},"2":{"start":{"line":6,"column":31},"end":{"line":6,"column":71}},"3":{"start":{"line":9,"column":29},"end":{"line":9,"column":79}},"4":{"start":{"line":10,"column":4},"end":{"line":10,"column":null}},"5":{"start":{"line":12,"column":4},"end":{"line":15,"column":5}},"6":{"start":{"line":13,"column":6},"end":{"line":13,"column":null}},"7":{"start":{"line":14,"column":6},"end":{"line":14,"column":65}},"8":{"start":{"line":17,"column":4},"end":{"line":17,"column":54}},"9":{"start":{"line":21,"column":4},"end":{"line":21,"column":34}},"10":{"start":{"line":5,"column":0},"end":{"line":5,"column":13}}},"fnMap":{"0":{"name":"(anonymous_0)","decl":{"start":{"line":6,"column":2},"end":{"line":6,"column":31}},"loc":{"start":{"line":6,"column":71},"end":{"line":6,"column":75}}},"1":{"name":"(anonymous_1)","decl":{"start":{"line":8,"column":10},"end":{"line":8,"column":15}},"loc":{"start":{"line":8,"column":41},"end":{"line":18,"column":3}}},"2":{"name":"(anonymous_2)","decl":{"start":{"line":20,"column":2},"end":{"line":20,"column":7}},"loc":{"start":{"line":20,"column":26},"end":{"line":22,"column":3}}}},"branchMap":{"0":{"loc":{"start":{"line":12,"column":4},"end":{"line":15,"column":5}},"type":"if","locations":[{"start":{"line":12,"column":4},"end":{"line":15,"column":5}}]}},"s":{"0":5,"1":5,"2":8,"3":2,"4":2,"5":2,"6":1,"7":1,"8":1,"9":2,"10":5},"f":{"0":8,"1":2,"2":2},"b":{"0":[1]}}
,"/Users/felipevilella/Desktop/Brain-Agriculture-backEnd/src/module/producers/services/listProducers.service.ts": {"path":"/Users/felipevilella/Desktop/Brain-Agriculture-backEnd/src/module/producers/services/listProducers.service.ts","statementMap":{"0":{"start":{"line":3,"column":0},"end":{"line":3,"column":60}},"1":{"start":{"line":4,"column":0},"end":{"line":4,"column":58}},"2":{"start":{"line":7,"column":31},"end":{"line":7,"column":71}},"3":{"start":{"line":10,"column":22},"end":{"line":10,"column":68}},"4":{"start":{"line":12,"column":4},"end":{"line":12,"column":null}},"5":{"start":{"line":14,"column":4},"end":{"line":16,"column":null}},"6":{"start":{"line":15,"column":6},"end":{"line":15,"column":null}},"7":{"start":{"line":20,"column":4},"end":{"line":20,"column":38}},"8":{"start":{"line":6,"column":0},"end":{"line":6,"column":13}}},"fnMap":{"0":{"name":"(anonymous_0)","decl":{"start":{"line":7,"column":2},"end":{"line":7,"column":31}},"loc":{"start":{"line":7,"column":71},"end":{"line":7,"column":75}}},"1":{"name":"(anonymous_1)","decl":{"start":{"line":9,"column":10},"end":{"line":9,"column":15}},"loc":{"start":{"line":9,"column":29},"end":{"line":17,"column":3}}},"2":{"name":"(anonymous_2)","decl":{"start":{"line":14,"column":25},"end":{"line":14,"column":26}},"loc":{"start":{"line":14,"column":38},"end":{"line":16,"column":5}}},"3":{"name":"(anonymous_3)","decl":{"start":{"line":19,"column":2},"end":{"line":19,"column":7}},"loc":{"start":{"line":19,"column":15},"end":{"line":21,"column":3}}}},"branchMap":{},"s":{"0":5,"1":5,"2":10,"3":1,"4":1,"5":1,"6":5,"7":1,"8":5},"f":{"0":10,"1":1,"2":5,"3":1},"b":{}}
,"/Users/felipevilella/Desktop/Brain-Agriculture-backEnd/src/test/farm/farm.mock.ts": {"path":"/Users/felipevilella/Desktop/Brain-Agriculture-backEnd/src/test/farm/farm.mock.ts","statementMap":{"0":{"start":{"line":11,"column":0},"end":{"line":11,"column":16}},"1":{"start":{"line":36,"column":0},"end":{"line":36,"column":16}},"2":{"start":{"line":1,"column":0},"end":{"line":1,"column":53}},"3":{"start":{"line":2,"column":0},"end":{"line":2,"column":63}},"4":{"start":{"line":7,"column":0},"end":{"line":7,"column":71}},"5":{"start":{"line":9,"column":19},"end":{"line":9,"column":38}},"6":{"start":{"line":12,"column":2},"end":{"line":34,"column":4}},"7":{"start":{"line":37,"column":2},"end":{"line":56,"column":4}}},"fnMap":{"0":{"name":"createFakeFarmResponse","decl":{"start":{"line":11,"column":16},"end":{"line":11,"column":38}},"loc":{"start":{"line":11,"column":38},"end":{"line":35,"column":1}}},"1":{"name":"createFakeFarm","decl":{"start":{"line":36,"column":16},"end":{"line":36,"column":30}},"loc":{"start":{"line":36,"column":30},"end":{"line":57,"column":1}}}},"branchMap":{},"s":{"0":2,"1":2,"2":2,"3":2,"4":2,"5":2,"6":6,"7":6},"f":{"0":6,"1":6},"b":{}}
,"/Users/felipevilella/Desktop/Brain-Agriculture-backEnd/src/test/producer/producer.mock.ts": {"path":"/Users/felipevilella/Desktop/Brain-Agriculture-backEnd/src/test/producer/producer.mock.ts","statementMap":{"0":{"start":{"line":26,"column":0},"end":{"line":26,"column":16}},"1":{"start":{"line":41,"column":0},"end":{"line":41,"column":16}},"2":{"start":{"line":57,"column":0},"end":{"line":57,"column":16}},"3":{"start":{"line":116,"column":0},"end":{"line":116,"column":16}},"4":{"start":{"line":1,"column":0},"end":{"line":1,"column":53}},"5":{"start":{"line":6,"column":0},"end":{"line":6,"column":71}},"6":{"start":{"line":7,"column":0},"end":{"line":7,"column":69}},"7":{"start":{"line":9,"column":0},"end":{"line":9,"column":42}},"8":{"start":{"line":10,"column":0},"end":{"line":10,"column":63}},"9":{"start":{"line":18,"column":2},"end":{"line":21,"column":4}},"10":{"start":{"line":24,"column":21},"end":{"line":24,"column":43}},"11":{"start":{"line":27,"column":2},"end":{"line":38,"column":4}},"12":{"start":{"line":42,"column":2},"end":{"line":54,"column":4}},"13":{"start":{"line":58,"column":21},"end":{"line":58,"column":40}},"14":{"start":{"line":60,"column":19},"end":{"line":111,"column":4}},"15":{"start":{"line":113,"column":2},"end":{"line":113,"column":18}},"16":{"start":{"line":117,"column":2},"end":{"line":123,"column":4}}},"fnMap":{"0":{"name":"generateProducerData","decl":{"start":{"line":17,"column":9},"end":{"line":17,"column":29}},"loc":{"start":{"line":17,"column":29},"end":{"line":22,"column":1}}},"1":{"name":"createFakeProducer","decl":{"start":{"line":26,"column":16},"end":{"line":26,"column":34}},"loc":{"start":{"line":26,"column":34},"end":{"line":39,"column":1}}},"2":{"name":"createFakeProducerResponse","decl":{"start":{"line":41,"column":16},"end":{"line":41,"column":42}},"loc":{"start":{"line":41,"column":42},"end":{"line":55,"column":1}}},"3":{"name":"createFakeProducerFarm","decl":{"start":{"line":57,"column":16},"end":{"line":57,"column":38}},"loc":{"start":{"line":57,"column":38},"end":{"line":114,"column":1}}},"4":{"name":"listFakerProducer","decl":{"start":{"line":116,"column":16},"end":{"line":116,"column":33}},"loc":{"start":{"line":116,"column":33},"end":{"line":124,"column":1}}}},"branchMap":{},"s":{"0":8,"1":8,"2":8,"3":8,"4":8,"5":8,"6":8,"7":8,"8":8,"9":8,"10":8,"11":7,"12":8,"13":14,"14":14,"15":14,"16":2},"f":{"0":8,"1":7,"2":8,"3":14,"4":2},"b":{}}
}
