TN:
SF:src/main.ts
FN:7,bootstrap
FN:22,(anonymous_1)
FNF:2
FNH:0
FNDA:0,bootstrap
FNDA:0,(anonymous_1)
DA:1,0
DA:2,0
DA:4,0
DA:5,0
DA:8,0
DA:10,0
DA:17,0
DA:19,0
DA:22,0
DA:23,0
DA:24,0
LF:11
LH:0
BRF:0
BRH:0
end_of_record
TN:
SF:src/infra/database/config.module.ts
FNF:0
FNH:0
DA:1,0
DA:2,0
DA:11,0
LF:3
LH:0
BRF:0
BRH:0
end_of_record
TN:
SF:src/infra/database/config/environment-config.module.ts
FNF:0
FNH:0
DA:1,5
DA:2,5
DA:4,5
DA:15,5
LF:4
LH:4
BRF:0
BRH:0
end_of_record
TN:
SF:src/infra/database/config/environment-config.service.ts
FN:7,(anonymous_2)
FN:9,(anonymous_3)
FN:17,(anonymous_4)
FN:21,(anonymous_5)
FN:25,(anonymous_6)
FNF:5
FNH:3
FNDA:15,(anonymous_2)
FNDA:15,(anonymous_3)
FNDA:15,(anonymous_4)
FNDA:0,(anonymous_5)
FNDA:0,(anonymous_6)
DA:1,5
DA:2,5
DA:6,5
DA:7,15
DA:10,15
DA:11,15
DA:12,0
DA:14,15
DA:18,15
DA:22,0
DA:26,0
LF:11
LH:8
BRDA:11,0,0,0
BRDA:11,1,0,15
BRDA:11,1,1,15
BRF:3
BRH:2
end_of_record
TN:
SF:src/infra/database/typeorm/typeorm.config.ts
FN:18,(anonymous_0)
FN:21,(anonymous_1)
FNF:2
FNH:0
FNDA:0,(anonymous_0)
FNDA:0,(anonymous_1)
DA:1,0
DA:2,0
DA:3,0
DA:5,0
DA:16,0
DA:19,0
DA:22,0
DA:25,0
LF:8
LH:0
BRF:0
BRH:0
end_of_record
TN:
SF:src/infra/database/typeorm/typeorm.module.ts
FN:7,(anonymous_1)
FNF:1
FNH:1
FNDA:15,(anonymous_1)
DA:1,5
DA:2,5
DA:4,5
DA:5,5
DA:7,5
DA:10,15
DA:29,5
LF:7
LH:7
BRF:0
BRH:0
end_of_record
TN:
SF:src/infra/definitions/crops.type.ts
FN:1,(anonymous_0)
FNF:1
FNH:1
FNDA:9,(anonymous_0)
DA:1,9
DA:2,9
DA:3,9
DA:4,9
DA:5,9
DA:6,9
DA:7,9
DA:8,9
DA:9,9
DA:10,9
DA:11,9
DA:12,9
DA:13,9
DA:14,9
DA:15,9
DA:16,9
DA:17,9
DA:18,9
DA:19,9
DA:20,9
DA:21,9
DA:22,9
DA:23,9
DA:24,9
DA:25,9
DA:26,9
DA:27,9
DA:28,9
DA:29,9
DA:30,9
DA:31,9
DA:32,9
DA:33,9
DA:34,9
DA:35,9
DA:36,9
DA:37,9
DA:38,9
DA:39,9
DA:40,9
DA:41,9
DA:42,9
DA:43,9
DA:44,9
DA:45,9
DA:46,9
DA:47,9
DA:48,9
DA:49,9
LF:49
LH:49
BRDA:1,0,0,9
BRDA:1,0,1,9
BRF:2
BRH:2
end_of_record
TN:
SF:src/infra/definitions/localizations.type.ts
FN:1,(anonymous_0)
FNF:1
FNH:1
FNDA:9,(anonymous_0)
DA:1,9
DA:2,9
DA:3,9
DA:4,9
DA:5,9
DA:6,9
DA:7,9
DA:8,9
DA:9,9
DA:10,9
DA:11,9
DA:12,9
DA:13,9
DA:14,9
DA:15,9
DA:16,9
DA:17,9
DA:18,9
DA:19,9
DA:20,9
DA:21,9
DA:22,9
DA:23,9
DA:24,9
DA:25,9
DA:26,9
DA:27,9
DA:28,9
LF:28
LH:28
BRDA:1,0,0,9
BRDA:1,0,1,9
BRF:2
BRH:2
end_of_record
TN:
SF:src/infra/definitions/producers.type.ts
FN:1,(anonymous_0)
FNF:1
FNH:1
FNDA:9,(anonymous_0)
DA:1,9
DA:2,9
DA:3,9
LF:3
LH:3
BRDA:1,0,0,9
BRDA:1,0,1,9
BRF:2
BRH:2
end_of_record
TN:
SF:src/infra/definitions/dtos/farms.dto.ts
FN:35,(anonymous_2)
FN:76,(anonymous_3)
FNF:2
FNH:2
FNDA:12,(anonymous_2)
FNDA:12,(anonymous_3)
DA:1,1
DA:2,1
DA:12,1
DA:13,1
DA:15,1
DA:20,1
DA:23,1
DA:26,1
DA:30,1
DA:35,12
DA:36,1
DA:39,1
DA:42,1
DA:46,1
DA:53,1
DA:59,1
DA:63,1
DA:67,1
DA:71,1
DA:76,12
DA:77,1
LF:21
LH:21
BRF:0
BRH:0
end_of_record
TN:
SF:src/infra/definitions/dtos/producers.dto.ts
FN:22,(anonymous_2)
FN:36,(anonymous_3)
FNF:2
FNH:2
FNDA:10,(anonymous_2)
FNDA:2,(anonymous_3)
DA:1,4
DA:12,4
DA:13,4
DA:14,4
DA:19,4
DA:23,10
DA:25,10
DA:26,1
DA:29,9
DA:30,9
DA:33,0
DA:37,2
DA:38,2
DA:39,1
DA:40,1
DA:41,1
DA:43,0
DA:47,4
DA:50,4
DA:57,4
DA:63,4
DA:69,4
DA:75,4
DA:78,4
DA:82,4
DA:90,4
DA:97,4
DA:104,4
DA:111,4
DA:114,4
DA:126,4
LF:31
LH:29
BRDA:25,0,0,1
BRDA:29,1,0,9
BRDA:38,2,0,1
BRDA:40,3,0,1
BRF:4
BRH:4
end_of_record
TN:
SF:src/infra/entities/crops.entity.ts
FN:29,(anonymous_2)
FN:29,(anonymous_3)
FNF:2
FNH:2
FNDA:15,(anonymous_2)
FNDA:15,(anonymous_3)
DA:1,5
DA:11,5
DA:12,5
DA:15,5
DA:17,5
DA:20,5
DA:27,5
DA:29,15
DA:33,5
DA:36,5
DA:39,5
LF:11
LH:11
BRF:0
BRH:0
end_of_record
TN:
SF:src/infra/entities/farms.entity.ts
FN:41,(anonymous_2)
FN:41,(anonymous_3)
FN:46,(anonymous_4)
FN:46,(anonymous_5)
FNF:4
FNH:4
FNDA:15,(anonymous_2)
FNDA:15,(anonymous_3)
FNDA:15,(anonymous_4)
FNDA:15,(anonymous_5)
DA:1,5
DA:12,5
DA:13,5
DA:16,5
DA:18,5
DA:21,5
DA:24,5
DA:27,5
DA:30,5
DA:33,5
DA:36,5
DA:39,5
DA:41,15
DA:43,5
DA:46,15
DA:50,5
DA:53,5
DA:56,5
LF:18
LH:18
BRF:0
BRH:0
end_of_record
TN:
SF:src/infra/entities/havests.entity.ts
FN:26,(anonymous_2)
FN:26,(anonymous_3)
FN:30,(anonymous_4)
FN:30,(anonymous_5)
FNF:4
FNH:4
FNDA:15,(anonymous_2)
FNDA:15,(anonymous_3)
FNDA:15,(anonymous_4)
FNDA:15,(anonymous_5)
DA:1,5
DA:12,5
DA:13,5
DA:16,5
DA:18,5
DA:21,5
DA:24,5
DA:26,15
DA:28,5
DA:30,15
DA:34,5
DA:37,5
DA:40,5
LF:13
LH:13
BRF:0
BRH:0
end_of_record
TN:
SF:src/infra/entities/producers.entity.ts
FN:48,(anonymous_2)
FN:48,(anonymous_3)
FNF:2
FNH:2
FNDA:15,(anonymous_2)
FNDA:15,(anonymous_3)
DA:1,5
DA:11,5
DA:12,5
DA:13,5
DA:16,5
DA:18,5
DA:21,5
DA:28,5
DA:31,5
DA:34,5
DA:37,5
DA:40,5
DA:43,5
DA:46,5
DA:48,15
DA:49,5
LF:16
LH:16
BRF:0
BRH:0
end_of_record
TN:
SF:src/infra/helpers/all-exceptions.filter.ts
FN:11,(anonymous_1)
FNF:1
FNH:1
FNDA:10,(anonymous_1)
DA:1,5
DA:10,5
DA:12,10
DA:13,10
DA:16,10
DA:21,10
DA:25,10
DA:26,7
DA:27,7
DA:31,10
LF:10
LH:10
BRDA:16,0,0,7
BRDA:16,0,1,3
BRDA:21,1,0,7
BRDA:21,1,1,3
BRDA:25,2,0,7
BRDA:25,3,0,10
BRDA:25,3,1,7
BRDA:26,4,0,7
BRDA:34,5,0,3
BRDA:34,5,1,7
BRF:10
BRH:10
end_of_record
TN:
SF:src/infra/helpers/logInfo.ts
FN:1,(anonymous_0)
FN:7,(anonymous_1)
FN:13,(anonymous_2)
FNF:3
FNH:3
FNDA:8,(anonymous_0)
FNDA:5,(anonymous_1)
FNDA:3,(anonymous_2)
DA:1,9
DA:2,8
DA:3,8
DA:7,9
DA:8,5
DA:9,5
DA:13,9
DA:14,3
LF:8
LH:8
BRDA:2,0,0,8
BRDA:8,1,0,5
BRF:2
BRH:2
end_of_record
TN:
SF:src/infra/repositories/crop.repository.ts
FN:11,(anonymous_4)
FN:16,(anonymous_5)
FNF:2
FNH:1
FNDA:15,(anonymous_4)
FNDA:0,(anonymous_5)
DA:1,5
DA:2,5
DA:3,5
DA:5,5
DA:10,5
DA:13,15
DA:17,0
DA:24,0
LF:8
LH:6
BRF:0
BRH:0
end_of_record
TN:
SF:src/infra/repositories/farms.repository.ts
FN:19,(anonymous_4)
FN:24,(anonymous_5)
FN:35,(anonymous_6)
FN:44,(anonymous_7)
FN:57,(anonymous_8)
FN:66,(anonymous_9)
FN:70,(anonymous_10)
FN:77,(anonymous_11)
FNF:8
FNH:1
FNDA:15,(anonymous_4)
FNDA:0,(anonymous_5)
FNDA:0,(anonymous_6)
FNDA:0,(anonymous_7)
FNDA:0,(anonymous_8)
FNDA:0,(anonymous_9)
FNDA:0,(anonymous_10)
FNDA:0,(anonymous_11)
DA:1,5
DA:2,5
DA:5,5
DA:7,5
DA:8,5
DA:9,5
DA:18,5
DA:21,15
DA:25,0
DA:32,0
DA:36,0
DA:41,0
DA:45,0
DA:51,0
DA:58,0
DA:63,0
DA:67,0
DA:69,0
DA:71,0
DA:72,0
DA:73,0
DA:74,0
DA:76,0
DA:78,0
DA:79,0
DA:80,0
DA:81,0
DA:84,0
DA:87,0
DA:89,0
LF:30
LH:8
BRDA:70,0,0,0
BRDA:70,0,1,0
BRDA:77,1,0,0
BRDA:77,1,1,0
BRF:4
BRH:0
end_of_record
TN:
SF:src/infra/repositories/producers.repository.ts
FN:13,(anonymous_4)
FN:18,(anonymous_5)
FN:30,(anonymous_6)
FN:36,(anonymous_7)
FN:43,(anonymous_8)
FN:50,(anonymous_9)
FN:59,(anonymous_10)
FNF:7
FNH:1
FNDA:5,(anonymous_4)
FNDA:0,(anonymous_5)
FNDA:0,(anonymous_6)
FNDA:0,(anonymous_7)
FNDA:0,(anonymous_8)
FNDA:0,(anonymous_9)
FNDA:0,(anonymous_10)
DA:1,5
DA:2,5
DA:5,5
DA:8,5
DA:12,5
DA:15,5
DA:22,0
DA:27,0
DA:31,0
DA:40,0
DA:44,0
DA:51,0
DA:56,0
DA:60,0
DA:61,0
DA:63,0
LF:16
LH:6
BRDA:27,0,0,0
BRDA:27,0,1,0
BRF:2
BRH:0
end_of_record
TN:
SF:src/infra/repositories/repositories.module.ts
FNF:0
FNH:0
DA:1,5
DA:2,5
DA:4,5
DA:5,5
DA:6,5
DA:7,5
DA:8,5
DA:9,5
DA:10,5
DA:11,5
DA:21,5
LF:11
LH:11
BRF:0
BRH:0
end_of_record
TN:
SF:src/infra/usecase-proxy/dashboard-usecase-proxy.module.ts
FN:15,(anonymous_1)
FN:22,(anonymous_2)
FNF:2
FNH:0
FNDA:0,(anonymous_1)
FNDA:0,(anonymous_2)
DA:1,0
DA:2,0
DA:4,0
DA:5,0
DA:6,0
DA:7,0
DA:12,0
DA:13,0
DA:16,0
DA:23,0
LF:10
LH:0
BRF:0
BRH:0
end_of_record
TN:
SF:src/infra/usecase-proxy/farm-usecase-proxy.module.ts
FN:15,(anonymous_1)
FN:22,(anonymous_2)
FNF:2
FNH:1
FNDA:5,(anonymous_1)
FNDA:0,(anonymous_2)
DA:1,1
DA:2,1
DA:3,1
DA:5,1
DA:6,1
DA:7,1
DA:12,1
DA:13,1
DA:16,5
DA:23,0
LF:10
LH:9
BRF:0
BRH:0
end_of_record
TN:
SF:src/infra/usecase-proxy/producer-usecase-proxy.module.ts
FN:20,(anonymous_1)
FN:27,(anonymous_2)
FN:35,(anonymous_3)
FN:43,(anonymous_4)
FNF:4
FNH:4
FNDA:10,(anonymous_1)
FNDA:4,(anonymous_2)
FNDA:7,(anonymous_3)
FNDA:9,(anonymous_4)
DA:1,4
DA:2,4
DA:3,4
DA:4,4
DA:5,4
DA:6,4
DA:8,4
DA:13,4
DA:14,4
DA:16,4
DA:18,4
DA:21,10
DA:28,4
DA:36,7
DA:44,9
LF:15
LH:15
BRF:0
BRH:0
end_of_record
TN:
SF:src/infra/usecase-proxy/usecase-proxy.ts
FN:2,(anonymous_0)
FN:4,(anonymous_1)
FNF:2
FNH:1
FNDA:20,(anonymous_0)
FNDA:0,(anonymous_1)
DA:1,5
DA:2,20
DA:5,0
LF:3
LH:2
BRF:0
BRH:0
end_of_record
TN:
SF:src/module/app.module.ts
FNF:0
FNH:0
DA:1,0
DA:2,0
DA:3,0
DA:5,0
DA:6,0
DA:7,0
DA:8,0
DA:9,0
DA:10,0
DA:11,0
DA:12,0
DA:30,0
LF:12
LH:0
BRF:0
BRH:0
end_of_record
TN:
SF:src/module/dashboard/dashboard.controller.ts
FN:14,(anonymous_4)
FN:21,(anonymous_5)
FNF:2
FNH:0
FNDA:0,(anonymous_4)
FNDA:0,(anonymous_5)
DA:1,0
DA:8,0
DA:9,0
DA:13,0
DA:16,0
DA:21,0
DA:22,0
LF:7
LH:0
BRF:0
BRH:0
end_of_record
TN:
SF:src/module/dashboard/dashboard.module.ts
FNF:0
FNH:0
DA:1,0
DA:2,0
DA:3,0
DA:4,0
DA:5,0
DA:6,0
DA:16,0
LF:7
LH:0
BRF:0
BRH:0
end_of_record
TN:
SF:src/module/dashboard/services/dashbord.service.ts
FN:21,(anonymous_0)
FN:26,(anonymous_1)
FN:48,(anonymous_2)
FNF:3
FNH:0
FNDA:0,(anonymous_0)
FNDA:0,(anonymous_1)
FNDA:0,(anonymous_2)
DA:8,0
DA:20,0
DA:22,0
DA:23,0
DA:27,0
DA:28,0
DA:29,0
DA:31,0
DA:34,0
DA:35,0
DA:37,0
DA:49,0
DA:51,0
LF:13
LH:0
BRF:0
BRH:0
end_of_record
TN:
SF:src/module/farms/farms.controller.ts
FN:19,(anonymous_4)
FN:26,(anonymous_5)
FNF:2
FNH:2
FNDA:5,(anonymous_4)
FNDA:4,(anonymous_5)
DA:1,1
DA:9,1
DA:10,1
DA:13,1
DA:14,1
DA:18,1
DA:21,5
DA:26,1
DA:27,4
DA:28,4
LF:10
LH:10
BRF:0
BRH:0
end_of_record
TN:
SF:src/module/farms/farms.module.ts
FNF:0
FNH:0
DA:1,0
DA:2,0
DA:3,0
DA:4,0
DA:5,0
DA:6,0
DA:7,0
DA:9,0
DA:18,0
LF:9
LH:0
BRF:0
BRH:0
end_of_record
TN:
SF:src/module/farms/mapper/farms.mapper.ts
FN:6,(anonymous_0)
FN:16,(anonymous_1)
FN:20,(anonymous_2)
FN:28,(anonymous_3)
FN:29,(anonymous_4)
FNF:5
FNH:5
FNDA:6,(anonymous_0)
FNDA:6,(anonymous_1)
FNDA:6,(anonymous_2)
FNDA:5,(anonymous_3)
FNDA:5,(anonymous_4)
DA:1,8
DA:7,6
DA:16,6
DA:20,6
DA:29,5
DA:33,8
LF:6
LH:6
BRF:0
BRH:0
end_of_record
TN:
SF:src/module/farms/services/createFarm.services.ts
FN:12,(anonymous_0)
FN:17,(anonymous_1)
FN:37,(anonymous_2)
FN:48,(anonymous_3)
FNF:4
FNH:4
FNDA:1,(anonymous_0)
FNDA:1,(anonymous_1)
FNDA:1,(anonymous_2)
FNDA:2,(anonymous_3)
DA:1,2
DA:2,2
DA:7,2
DA:9,2
DA:11,2
DA:13,1
DA:14,1
DA:22,1
DA:23,1
DA:25,1
DA:26,0
DA:31,0
DA:38,1
DA:39,1
DA:41,1
DA:43,1
DA:45,1
DA:49,2
DA:51,2
DA:52,1
DA:53,1
DA:56,1
DA:58,1
LF:23
LH:21
BRDA:25,0,0,0
BRDA:51,1,0,1
BRF:2
BRH:1
end_of_record
TN:
SF:src/module/producers/producers.controller.ts
FN:28,(anonymous_4)
FN:40,(anonymous_5)
FN:47,(anonymous_6)
FN:55,(anonymous_7)
FN:62,(anonymous_8)
FNF:5
FNH:5
FNDA:10,(anonymous_4)
FNDA:1,(anonymous_5)
FNDA:3,(anonymous_6)
FNDA:3,(anonymous_7)
FNDA:1,(anonymous_8)
DA:1,4
DA:14,4
DA:15,4
DA:20,4
DA:24,4
DA:27,4
DA:30,10
DA:32,10
DA:34,10
DA:40,4
DA:41,1
DA:42,1
DA:47,4
DA:48,3
DA:49,3
DA:55,4
DA:56,3
DA:62,4
DA:63,1
LF:19
LH:19
BRF:0
BRH:0
end_of_record
TN:
SF:src/module/producers/producers.module.ts
FNF:0
FNH:0
DA:1,0
DA:2,0
DA:3,0
DA:4,0
DA:6,0
DA:15,0
LF:6
LH:0
BRF:0
BRH:0
end_of_record
TN:
SF:src/module/producers/mapper/producers.mapper.ts
FN:7,(anonymous_0)
FNF:1
FNH:1
FNDA:6,(anonymous_0)
DA:1,6
DA:3,6
DA:8,6
DA:20,6
LF:4
LH:4
BRDA:15,0,0,5
BRDA:15,0,1,1
BRDA:15,1,0,6
BRDA:15,1,1,5
BRF:4
BRH:4
end_of_record
TN:
SF:src/module/producers/services/createOrUpdateProducer.services.ts
FN:13,(anonymous_0)
FN:15,(anonymous_1)
FN:32,(anonymous_2)
FN:43,(anonymous_3)
FN:68,(anonymous_4)
FNF:5
FNH:4
FNDA:5,(anonymous_0)
FNDA:2,(anonymous_1)
FNDA:2,(anonymous_2)
FNDA:0,(anonymous_3)
FNDA:2,(anonymous_4)
DA:1,5
DA:9,5
DA:10,5
DA:12,5
DA:13,5
DA:19,2
DA:23,2
DA:24,1
DA:26,1
DA:33,2
DA:36,1
DA:38,1
DA:40,1
DA:44,0
DA:46,0
DA:47,0
DA:48,0
DA:52,0
DA:54,0
DA:55,0
DA:56,0
DA:59,0
DA:61,0
DA:63,0
DA:65,0
DA:72,2
DA:76,1
LF:27
LH:15
BRDA:23,0,0,1
BRDA:46,1,0,0
BRDA:52,2,0,0
BRDA:52,2,1,0
BRDA:54,3,0,0
BRDA:72,4,0,0
BRDA:72,4,1,2
BRF:7
BRH:2
end_of_record
TN:
SF:src/module/producers/services/deleteProducer.service.ts
FN:6,(anonymous_0)
FN:8,(anonymous_1)
FN:20,(anonymous_2)
FNF:3
FNH:3
FNDA:8,(anonymous_0)
FNDA:2,(anonymous_1)
FNDA:2,(anonymous_2)
DA:1,5
DA:2,5
DA:5,5
DA:6,8
DA:9,2
DA:10,2
DA:12,2
DA:13,1
DA:14,1
DA:17,1
DA:21,2
LF:11
LH:11
BRDA:12,0,0,1
BRF:1
BRH:1
end_of_record
TN:
SF:src/module/producers/services/listProducers.service.ts
FN:7,(anonymous_0)
FN:9,(anonymous_1)
FN:14,(anonymous_2)
FN:19,(anonymous_3)
FNF:4
FNH:4
FNDA:10,(anonymous_0)
FNDA:1,(anonymous_1)
FNDA:5,(anonymous_2)
FNDA:1,(anonymous_3)
DA:3,5
DA:4,5
DA:6,5
DA:7,10
DA:10,1
DA:12,1
DA:14,1
DA:15,5
DA:20,1
LF:9
LH:9
BRF:0
BRH:0
end_of_record
TN:
SF:src/test/farm/farm.mock.ts
FN:11,createFakeFarmResponse
FN:36,createFakeFarm
FNF:2
FNH:2
FNDA:6,createFakeFarmResponse
FNDA:6,createFakeFarm
DA:1,2
DA:2,2
DA:7,2
DA:9,2
DA:11,2
DA:12,6
DA:36,2
DA:37,6
LF:8
LH:8
BRF:0
BRH:0
end_of_record
TN:
SF:src/test/producer/producer.mock.ts
FN:17,generateProducerData
FN:26,createFakeProducer
FN:41,createFakeProducerResponse
FN:57,createFakeProducerFarm
FN:116,listFakerProducer
FNF:5
FNH:5
FNDA:8,generateProducerData
FNDA:7,createFakeProducer
FNDA:8,createFakeProducerResponse
FNDA:14,createFakeProducerFarm
FNDA:2,listFakerProducer
DA:1,8
DA:6,8
DA:7,8
DA:9,8
DA:10,8
DA:18,8
DA:24,8
DA:26,8
DA:27,7
DA:41,8
DA:42,8
DA:57,8
DA:58,14
DA:60,14
DA:113,14
DA:116,8
DA:117,2
LF:17
LH:17
BRF:0
BRH:0
end_of_record
